#
# A fatal error has been detected by the Java Runtime Environment:
#
#  EXCEPTION_ACCESS_VIOLATION (0xc0000005) at pc=0x00007ffd66cf1049, pid=9480, tid=15340
#
# JRE version: OpenJDK Runtime Environment (11.0.2+9) (build 11.0.2+9)
# Java VM: OpenJDK 64-Bit Server VM (11.0.2+9, mixed mode, tiered, compressed oops, g1 gc, windows-amd64)
# Problematic frame:
# C  0x00007ffd66cf1049
#
# No core dump will be written. Minidumps are not enabled by default on client versions of Windows
#
# If you would like to submit a bug report, please visit:
#   http://bugreport.java.com/bugreport/crash.jsp
# The crash happened outside the Java Virtual Machine in native code.
# See problematic frame for where to report the bug.
#

---------------  S U M M A R Y ------------

Command Line: -Dsun.java2d.pmoffscreen=false -Dhttps.protocols=TLSv1,TLSv1.1,TLSv1.2 -Dsun.java2d.xrender=false -Dsun.java2d.d3d=false -Dsun.awt.nopixfmt=true -Dsun.java2d.dpiaware=true -Dsun.java2d.uiScale.enabled=false -Xverify:none -Dswing.aatext=true -XX:-UsePerfData -Djdk.map.althashing.threshold=512 -XX:StringTableSize=4072 --add-opens=java.base/java.nio=ALL-UNNAMED --add-opens=java.desktop/sun.swing=ALL-UNNAMED --add-opens=java.desktop/javax.swing=ALL-UNNAMED --add-opens=java.desktop/javax.swing.tree=ALL-UNNAMED --add-opens=java.desktop/javax.swing.plaf.basic=ALL-UNNAMED --add-opens=java.desktop/javax.swing.plaf.synth=ALL-UNNAMED --add-opens=java.desktop/com.sun.awt=ALL-UNNAMED -XX:NewSize=60m -XX:MaxNewSize=60m -Xms128m -Xmx3072m -Xss5m 

Host: Intel(R) Core(TM) i7-7500U CPU @ 2.70GHz, 4 cores, 7G,  Windows 10 , 64 bit Build 19041 (10.0.19041.662)
Time: Wed Feb 10 13:52:01 2021 GTB Standard Time elapsed time: 2971 seconds (0d 0h 49m 31s)

---------------  T H R E A D  ---------------

Current thread (0x0000017bc79db000):  JavaThread "AWT-EventQueue-0" [_thread_in_native, id=15340, stack(0x0000001ec4c00000,0x0000001ec5100000)]

Stack: [0x0000001ec4c00000,0x0000001ec5100000],  sp=0x0000001ec50f4440,  free space=5073k
Native frames: (J=compiled Java code, j=interpreted, Vv=VM code, C=native code)
C  0x00007ffd66cf1049
C  0x00007ffd66d02487
C  0x00007ffd66d037c2
C  0x00007ffd66cea485
C  0x00007ffd6e6184b4
C  0x00007ffd6e638e72
C  0x00007ffd6e6d34f5
C  0x00007ffd6e6d3419
C  0x00007ffd6e704ce1
C  0x00007ffd6e702426
C  0x00007ffd6e75e2c1
C  0x00007ffd6e7603b3
C  0x00007ffd6e73936d
C  0x00007ffd6e7393d8
C  0x00007ffd6e739481
C  0x00007ffd6e75f59c
C  0x00007ffd6e7306e5
C  0x00007ffd6e730375
C  0x00007ffd6e76d00f
C  0x0000017be2a6f0b7

Java frames: (J=compiled Java code, j=interpreted, Vv=VM code)
j  ui.views.waveform.waveformi.WVExecutive_getGraphicsDataSize(J)J+0
j  ui.views.waveform.executive.a.klK()Ljava/io/ByteArrayInputStream;+8
j  ui.views.waveform.b.a.klh()V+7
j  ui.views.waveform.b.a.jty()V+1
j  ui.views.waveform.m.kkr()V+4
j  ui.views.waveform.m.Ii(Z)V+11
j  ui.views.waveform.w.aH(ZZ)V+30
j  ui.views.waveform.c.b.j(Lui/frmwork/a/l;)V+94
j  ui.views.waveform.w.handleTclEvent(Lui/frmwork/a/l;)V+13
J 22379 c1 ui.frmwork.a.o.c(Lui/frmwork/a/l;)V (61 bytes) @ 0x0000017be345708c [0x0000017be34566e0+0x00000000000009ac]
J 19294 c1 ui.frmwork.E.i(JZ)V (471 bytes) @ 0x0000017be569d7bc [0x0000017be5699640+0x000000000000417c]
J 21287 c1 ui.frmwork.E.fireTclEvent(J)I (113 bytes) @ 0x0000017be4dbdc94 [0x0000017be4dbd4c0+0x00000000000007d4]
v  ~StubRoutines::call_stub
j  ui.views.waveform.waveformi.WVExecutive_processModelEvent(JJ)V+0
j  ui.views.waveform.executive.a.gb(J)V+5
j  ui.views.waveform.c.b.ga(J)V+8
j  ui.views.waveform.c.b.j(Lui/frmwork/a/l;)V+127
j  ui.views.waveform.w.handleTclEvent(Lui/frmwork/a/l;)V+13
J 22379 c1 ui.frmwork.a.o.c(Lui/frmwork/a/l;)V (61 bytes) @ 0x0000017be345708c [0x0000017be34566e0+0x00000000000009ac]
J 19294 c1 ui.frmwork.E.i(JZ)V (471 bytes) @ 0x0000017be569d7bc [0x0000017be5699640+0x000000000000417c]
j  ui.frmwork.E.dQ(J)V+3
j  ui.frmwork.E$$Lambda$203.run()V+8
J 13972 c2 java.awt.event.InvocationEvent.dispatch()V java.desktop@11.0.2 (69 bytes) @ 0x0000017beaa9a5e8 [0x0000017beaa9a540+0x00000000000000a8]
J 13764 c2 java.awt.EventQueue$4.run()Ljava/lang/Object; java.desktop@11.0.2 (5 bytes) @ 0x0000017beafdb81c [0x0000017beafdb760+0x00000000000000bc]
v  ~StubRoutines::call_stub
J 4294  java.security.AccessController.doPrivileged(Ljava/security/PrivilegedAction;Ljava/security/AccessControlContext;)Ljava/lang/Object; java.base@11.0.2 (0 bytes) @ 0x0000017bea76df36 [0x0000017bea76dec0+0x0000000000000076]
J 13705 c2 java.awt.EventQueue.dispatchEvent(Ljava/awt/AWTEvent;)V java.desktop@11.0.2 (80 bytes) @ 0x0000017beafc9f4c [0x0000017beafc99c0+0x000000000000058c]
J 13845 c2 ui.frmwork.a.d.dispatchEvent(Ljava/awt/AWTEvent;)V (42 bytes) @ 0x0000017beaff4458 [0x0000017beaff4360+0x00000000000000f8]
J 19648 c2 java.awt.EventDispatchThread.pumpEventsForFilter(ILjava/awt/Conditional;Ljava/awt/EventFilter;)V java.desktop@11.0.2 (47 bytes) @ 0x0000017beace24c8 [0x0000017beace23c0+0x0000000000000108]
j  java.awt.EventDispatchThread.pumpEventsForFilter(Ljava/awt/Conditional;Ljava/awt/EventFilter;)V+4 java.desktop@11.0.2
j  java.awt.WaitDispatchSupport$2.run()V+59 java.desktop@11.0.2
j  java.awt.WaitDispatchSupport$4.run()Ljava/lang/Void;+4 java.desktop@11.0.2
j  java.awt.WaitDispatchSupport$4.run()Ljava/lang/Object;+1 java.desktop@11.0.2
v  ~StubRoutines::call_stub
J 992  java.security.AccessController.doPrivileged(Ljava/security/PrivilegedAction;)Ljava/lang/Object; java.base@11.0.2 (0 bytes) @ 0x0000017bea5721a2 [0x0000017bea572140+0x0000000000000062]
j  java.awt.WaitDispatchSupport.enter()Z+260 java.desktop@11.0.2
j  java.awt.Dialog.show()V+224 java.desktop@11.0.2
J 9126 c1 java.awt.Component.setVisible(Z)V java.desktop@11.0.2 (6 bytes) @ 0x0000017be31c43e4 [0x0000017be31c41e0+0x0000000000000204]
j  java.awt.Window.setVisible(Z)V+2 java.desktop@11.0.2
j  java.awt.Dialog.setVisible(Z)V+2 java.desktop@11.0.2
j  ui.dlg.c.g.setVisible(Z)V+2
j  ui.dlg.c.bz.bIi()V+64
j  ui.dlg.c.bI.actionPerformed(Ljava/awt/event/ActionEvent;)V+8
j  ui.dlg.c.bz.fud()V+388
j  ui.views.c.t.b.a.run()V+60
j  ui.frmwork.cmd.a.hsT()Z+66
j  ui.frmwork.cmd.d.htb()V+42
j  ui.bm.actionPerformed(Ljava/awt/event/ActionEvent;)V+25
j  javax.swing.AbstractButton.fireActionPerformed(Ljava/awt/event/ActionEvent;)V+83 java.desktop@11.0.2
j  ui.utils.swing.b.E.fireActionPerformed(Ljava/awt/event/ActionEvent;)V+7
j  javax.swing.AbstractButton$Handler.actionPerformed(Ljava/awt/event/ActionEvent;)V+5 java.desktop@11.0.2
j  javax.swing.DefaultButtonModel.fireActionPerformed(Ljava/awt/event/ActionEvent;)V+34 java.desktop@11.0.2
j  javax.swing.DefaultButtonModel.setPressed(Z)V+117 java.desktop@11.0.2
j  javax.swing.plaf.basic.BasicButtonListener.mouseReleased(Ljava/awt/event/MouseEvent;)V+35 java.desktop@11.0.2
j  com.jidesoft.plaf.basic.BasicJideButtonListener.mouseReleased(Ljava/awt/event/MouseEvent;)V+61
J 19278 c1 java.awt.AWTEventMulticaster.mouseReleased(Ljava/awt/event/MouseEvent;)V java.desktop@11.0.2 (27 bytes) @ 0x0000017be56943ac [0x0000017be5694180+0x000000000000022c]
J 19278 c1 java.awt.AWTEventMulticaster.mouseReleased(Ljava/awt/event/MouseEvent;)V java.desktop@11.0.2 (27 bytes) @ 0x0000017be56943ac [0x0000017be5694180+0x000000000000022c]
J 19278 c1 java.awt.AWTEventMulticaster.mouseReleased(Ljava/awt/event/MouseEvent;)V java.desktop@11.0.2 (27 bytes) @ 0x0000017be56943ac [0x0000017be5694180+0x000000000000022c]
J 19278 c1 java.awt.AWTEventMulticaster.mouseReleased(Ljava/awt/event/MouseEvent;)V java.desktop@11.0.2 (27 bytes) @ 0x0000017be56943ac [0x0000017be5694180+0x000000000000022c]
J 14402 c1 java.awt.Component.processMouseEvent(Ljava/awt/event/MouseEvent;)V java.desktop@11.0.2 (100 bytes) @ 0x0000017be37cff3c [0x0000017be37cfac0+0x000000000000047c]
J 14401 c1 javax.swing.JComponent.processMouseEvent(Ljava/awt/event/MouseEvent;)V java.desktop@11.0.2 (27 bytes) @ 0x0000017be358d4f4 [0x0000017be358d2e0+0x0000000000000214]
J 13316 c2 java.awt.Container.processEvent(Ljava/awt/AWTEvent;)V java.desktop@11.0.2 (22 bytes) @ 0x0000017beaf27bd4 [0x0000017beaf27aa0+0x0000000000000134]
J 22085 c2 java.awt.Component.dispatchEventImpl(Ljava/awt/AWTEvent;)V java.desktop@11.0.2 (777 bytes) @ 0x0000017bebae6038 [0x0000017bebae59e0+0x0000000000000658]
J 19989 c2 java.awt.Container.dispatchEventImpl(Ljava/awt/AWTEvent;)V java.desktop@11.0.2 (129 bytes) @ 0x0000017beb331618 [0x0000017beb3315c0+0x0000000000000058]
J 15350 c2 java.awt.LightweightDispatcher.retargetMouseEvent(Ljava/awt/Component;ILjava/awt/event/MouseEvent;)V java.desktop@11.0.2 (372 bytes) @ 0x0000017beab40ce8 [0x0000017beab40760+0x0000000000000588]
J 17480 c2 java.awt.LightweightDispatcher.processMouseEvent(Ljava/awt/event/MouseEvent;)Z java.desktop@11.0.2 (265 bytes) @ 0x0000017beb399520 [0x0000017beb398ac0+0x0000000000000a60]
J 19989 c2 java.awt.Container.dispatchEventImpl(Ljava/awt/AWTEvent;)V java.desktop@11.0.2 (129 bytes) @ 0x0000017beb331898 [0x0000017beb3315c0+0x00000000000002d8]
J 16984 c2 java.awt.Window.dispatchEventImpl(Ljava/awt/AWTEvent;)V java.desktop@11.0.2 (23 bytes) @ 0x0000017beb2e0d0c [0x0000017beb2e0cc0+0x000000000000004c]
J 13764 c2 java.awt.EventQueue$4.run()Ljava/lang/Object; java.desktop@11.0.2 (5 bytes) @ 0x0000017beafdb8b0 [0x0000017beafdb760+0x0000000000000150]
v  ~StubRoutines::call_stub
J 4294  java.security.AccessController.doPrivileged(Ljava/security/PrivilegedAction;Ljava/security/AccessControlContext;)Ljava/lang/Object; java.base@11.0.2 (0 bytes) @ 0x0000017bea76df36 [0x0000017bea76dec0+0x0000000000000076]
J 15938 c2 java.awt.EventQueue$5.run()Ljava/lang/Object; java.desktop@11.0.2 (5 bytes) @ 0x0000017beb181558 [0x0000017beb1814e0+0x0000000000000078]
v  ~StubRoutines::call_stub
J 4294  java.security.AccessController.doPrivileged(Ljava/security/PrivilegedAction;Ljava/security/AccessControlContext;)Ljava/lang/Object; java.base@11.0.2 (0 bytes) @ 0x0000017bea76df36 [0x0000017bea76dec0+0x0000000000000076]
J 13705 c2 java.awt.EventQueue.dispatchEvent(Ljava/awt/AWTEvent;)V java.desktop@11.0.2 (80 bytes) @ 0x0000017beafc9d68 [0x0000017beafc99c0+0x00000000000003a8]
J 13845 c2 ui.frmwork.a.d.dispatchEvent(Ljava/awt/AWTEvent;)V (42 bytes) @ 0x0000017beaff4458 [0x0000017beaff4360+0x00000000000000f8]
J 19466% c2 java.awt.EventDispatchThread.pumpEventsForFilter(ILjava/awt/Conditional;Ljava/awt/EventFilter;)V java.desktop@11.0.2 (47 bytes) @ 0x0000017bea7fc984 [0x0000017bea7fc7c0+0x00000000000001c4]
j  java.awt.EventDispatchThread.pumpEventsForHierarchy(ILjava/awt/Conditional;Ljava/awt/Component;)V+11 java.desktop@11.0.2
j  java.awt.EventDispatchThread.pumpEvents(ILjava/awt/Conditional;)V+4 java.desktop@11.0.2
j  java.awt.EventDispatchThread.pumpEvents(Ljava/awt/Conditional;)V+3 java.desktop@11.0.2
j  java.awt.EventDispatchThread.run()V+9 java.desktop@11.0.2
v  ~StubRoutines::call_stub

siginfo: EXCEPTION_ACCESS_VIOLATION (0xc0000005), reading address 0x0000000000000044


Register to memory mapping:

RIP=0x00007ffd66cf1049 points into unknown readable memory: 83 79 44 00 75 07 33
RAX=0x00007f393751525f is an unknown value
RBX=0x0000017bf70d1a30 points into unknown readable memory: 70 0c 0d f7 7b 01 00 00
RCX=0x0 is NULL
RDX=0x0000017bc8d01c00 points into unknown readable memory: c0 4b d1 66 fd 7f 00 00
RSP=0x0000001ec50f4440 is pointing into the stack for thread: 0x0000017bc79db000
RBP=0x0 is NULL
RSI=0x0000017bc8d01c00 points into unknown readable memory: c0 4b d1 66 fd 7f 00 00
RDI=0x0 is NULL
R8 =0x0000001ec50f44d0 is pointing into the stack for thread: 0x0000017bc79db000
R9 =0x0000000000000006 is an unknown value
R10=0x0 is NULL
R11=0x4000000000000004 is an unknown value
R12=0x0000000000000001 is an unknown value
R13=0x00007ffd66d18e50 points into unknown readable memory: d0 2f cf 66 fd 7f 00 00
R14=0x0000017bf998dd90 points into unknown readable memory: 00 1c d0 c8 7b 01 00 00
R15=0x0000001ec50f44d0 is pointing into the stack for thread: 0x0000017bc79db000


Registers:
RAX=0x00007f393751525f, RBX=0x0000017bf70d1a30, RCX=0x0000000000000000, RDX=0x0000017bc8d01c00
RSP=0x0000001ec50f4440, RBP=0x0000000000000000, RSI=0x0000017bc8d01c00, RDI=0x0000000000000000
R8 =0x0000001ec50f44d0, R9 =0x0000000000000006, R10=0x0000000000000000, R11=0x4000000000000004
R12=0x0000000000000001, R13=0x00007ffd66d18e50, R14=0x0000017bf998dd90, R15=0x0000001ec50f44d0
RIP=0x00007ffd66cf1049, EFLAGS=0x0000000000010202

Top of Stack: (sp=0x0000001ec50f4440)
0x0000001ec50f4440:   0000000000000001 0000001ec50f46e8
0x0000001ec50f4450:   0000001ec50f4521 00007ffe26a0ecbe
0x0000001ec50f4460:   0000000000000002 00007ffe2bf1a9f0
0x0000001ec50f4470:   fffffffffffffffe 0000001ec50f4810
0x0000001ec50f4480:   0000001ec50f48b0 0000001ec50f4e50
0x0000001ec50f4490:   0000017bc7f7c7a0 0000017bf998dd90
0x0000001ec50f44a0:   0000017bf998dd90 00007ffd66d02487
0x0000001ec50f44b0:   00007ffe26a042c0 0000017bf70d1a30
0x0000001ec50f44c0:   0000017bc98074a0 0000000000000001
0x0000001ec50f44d0:   0000001ec50f4fc0 00007ffd6e929920
0x0000001ec50f44e0:   0000001ec50f5810 0000000000000000
0x0000001ec50f44f0:   0000000019930520 0000000000000000
0x0000001ec50f4500:   0000000000000000 0000000000000000
0x0000001ec50f4510:   0000000000000000 0000000000000000
0x0000001ec50f4520:   0000000000000000 0000001ec50f5a80
0x0000001ec50f4530:   0000ffe316d490a4 00007ffd6e929920 

Instructions: (pc=0x00007ffd66cf1049)
0x00007ffd66cf1029:   50 48 c7 44 24 30 fe ff ff ff 48 89 5c 24 78 48
0x00007ffd66cf1039:   89 b4 24 80 00 00 00 4d 8b f8 48 8b f2 48 8b f9
0x00007ffd66cf1049:   83 79 44 00 75 07 33 c0 e9 d1 00 00 00 48 8b 41
0x00007ffd66cf1059:   48 8b 10 48 03 51 28 48 8d 4c 24 38 e8 66 eb ff 


Stack slot to memory mapping:
stack at sp + 0 slots: 0x0000000000000001 is an unknown value
stack at sp + 1 slots: 0x0000001ec50f46e8 is pointing into the stack for thread: 0x0000017bc79db000
stack at sp + 2 slots: 0x0000001ec50f4521 is pointing into the stack for thread: 0x0000017bc79db000
stack at sp + 3 slots: 0x00007ffe26a0ecbe VCRUNTIME140.dll
stack at sp + 4 slots: 0x0000000000000002 is an unknown value
stack at sp + 5 slots: 0x00007ffe2bf1a9f0 ntdll.dll
stack at sp + 6 slots: 0xfffffffffffffffe is an unknown value
stack at sp + 7 slots: 0x0000001ec50f4810 is pointing into the stack for thread: 0x0000017bc79db000


---------------  P R O C E S S  ---------------

Threads class SMR info:
_java_thread_list=0x0000017bfd966e20, length=36, elements={
0x0000017bfb59f000, 0x0000017bdf255000, 0x0000017bfc056000, 0x0000017bfb595800,
0x0000017bfc240000, 0x0000017bfc30f800, 0x0000017be208a800, 0x0000017bfc1e5800,
0x0000017bfb94e800, 0x0000017bdfee1000, 0x0000017bfcf92800, 0x0000017bfcdb5000,
0x0000017bfd024800, 0x0000017bc79da800, 0x0000017bc79db000, 0x0000017bc809c800,
0x0000017bc8371800, 0x0000017bc79dc800, 0x0000017bc7761000, 0x0000017bc775f800,
0x0000017bc7762000, 0x0000017bc7760800, 0x0000017bddd27000, 0x0000017bddd29000,
0x0000017bddd2f800, 0x0000017bddd29800, 0x0000017bddd30000, 0x0000017bddd2a800,
0x0000017bddd31000, 0x0000017bddd35000, 0x0000017bddd34800, 0x0000017bc945f000,
0x0000017bc9460800, 0x0000017bc9461800, 0x0000017bc945d800, 0x0000017bc945c000
}

Java Threads: ( => current thread )
  0x0000017bfb59f000 JavaThread "main" [_thread_blocked, id=2940, stack(0x0000001ec0600000,0x0000001ec0700000)]
  0x0000017bdf255000 JavaThread "Reference Handler" daemon [_thread_blocked, id=11912, stack(0x0000001ec0d00000,0x0000001ec1200000)]
  0x0000017bfc056000 JavaThread "Finalizer" daemon [_thread_blocked, id=588, stack(0x0000001ec1200000,0x0000001ec1700000)]
  0x0000017bfb595800 JavaThread "Signal Dispatcher" daemon [_thread_blocked, id=13912, stack(0x0000001ec1700000,0x0000001ec1c00000)]
  0x0000017bfc240000 JavaThread "Attach Listener" daemon [_thread_blocked, id=13860, stack(0x0000001ec1c00000,0x0000001ec2100000)]
  0x0000017bfc30f800 JavaThread "C2 CompilerThread0" daemon [_thread_blocked, id=15204, stack(0x0000001ec2100000,0x0000001ec2200000)]
  0x0000017be208a800 JavaThread "C1 CompilerThread0" daemon [_thread_blocked, id=14976, stack(0x0000001ec2200000,0x0000001ec2300000)]
  0x0000017bfc1e5800 JavaThread "Sweeper thread" daemon [_thread_blocked, id=7884, stack(0x0000001ec2300000,0x0000001ec2800000)]
  0x0000017bfb94e800 JavaThread "Common-Cleaner" daemon [_thread_blocked, id=12344, stack(0x0000001ec2800000,0x0000001ec2d00000)]
  0x0000017bdfee1000 JavaThread "Service Thread" daemon [_thread_blocked, id=13848, stack(0x0000001ec2d00000,0x0000001ec3200000)]
  0x0000017bfcf92800 JavaThread "Java2D Disposer" daemon [_thread_blocked, id=14900, stack(0x0000001ec3300000,0x0000001ec3800000)]
  0x0000017bfcdb5000 JavaThread "AWT-Windows" daemon [_thread_in_native, id=15144, stack(0x0000001ec3d00000,0x0000001ec4200000)]
  0x0000017bfd024800 JavaThread "TimerQueue" daemon [_thread_blocked, id=13208, stack(0x0000001ec4200000,0x0000001ec4700000)]
  0x0000017bc79da800 JavaThread "AWT-Shutdown" [_thread_blocked, id=7980, stack(0x0000001ec4700000,0x0000001ec4c00000)]
=>0x0000017bc79db000 JavaThread "AWT-EventQueue-0" [_thread_in_native, id=15340, stack(0x0000001ec4c00000,0x0000001ec5100000)]
  0x0000017bc809c800 JavaThread "Thread-1" [_thread_in_native, id=15248, stack(0x0000001ebef00000,0x0000001ec0300000)]
  0x0000017bc8371800 JavaThread "Process Messages Thread" [_thread_blocked, id=6056, stack(0x0000001ec5600000,0x0000001ec5b00000)]
  0x0000017bc79dc800 JavaThread "Batik CleanerThread" daemon [_thread_blocked, id=14548, stack(0x0000001ec5f00000,0x0000001ec6400000)]
  0x0000017bc7761000 JavaThread "SyntheticaCleanerThread" daemon [_thread_blocked, id=7052, stack(0x0000001ec6e00000,0x0000001ec7300000)]
  0x0000017bc775f800 JavaThread "Monitor HEventQueue Thread" [_thread_blocked, id=5464, stack(0x0000001ec5100000,0x0000001ec5600000)]
  0x0000017bc7762000 JavaThread "SyntheticaAnimation 50" daemon [_thread_blocked, id=8120, stack(0x0000001ec6400000,0x0000001ec6900000)]
  0x0000017bc7760800 JavaThread "SyntheticaAnimation 25" daemon [_thread_blocked, id=10412, stack(0x0000001ec6900000,0x0000001ec6e00000)]
  0x0000017bddd27000 JavaThread "SyntheticaAnimation 70" daemon [_thread_blocked, id=6556, stack(0x0000001ec8200000,0x0000001ec8700000)]
  0x0000017bddd29000 JavaThread "Refresh Filesets Swing Worker Thread" [_thread_blocked, id=10132, stack(0x0000001ec7800000,0x0000001ec7d00000)]
  0x0000017bddd2f800 JavaThread "hw_ila_monitor" [_thread_blocked, id=10068, stack(0x0000001ec7d00000,0x0000001ec8200000)]
  0x0000017bddd29800 JavaThread "pool-1-thread-1" [_thread_blocked, id=10912, stack(0x0000001ec9100000,0x0000001ec9600000)]
  0x0000017bddd30000 JavaThread "pool-2-thread-1" [_thread_blocked, id=13076, stack(0x0000001ec9600000,0x0000001ec9b00000)]
  0x0000017bddd2a800 JavaThread "pool-3-thread-1" [_thread_blocked, id=10044, stack(0x0000001ec9b00000,0x0000001eca000000)]
  0x0000017bddd31000 JavaThread "Update Runs Swing Worker Thread" [_thread_blocked, id=10056, stack(0x0000001eca000000,0x0000001eca500000)]
  0x0000017bddd35000 JavaThread "SyntheticaAnimation 50" daemon [_thread_blocked, id=14832, stack(0x0000001ecaa00000,0x0000001ecaf00000)]
  0x0000017bddd34800 JavaThread "Image Animator 0" daemon [_thread_blocked, id=15604, stack(0x0000001eca500000,0x0000001ecaa00000)]
  0x0000017bc945f000 JavaThread "Thread-2270" [_thread_in_native, id=9228, stack(0x0000001ebec00000,0x0000001ebed00000)]
  0x0000017bc9460800 JavaThread "Thread-2271" [_thread_in_native, id=9912, stack(0x0000001ec0500000,0x0000001ec0600000)]
  0x0000017bc9461800 JavaThread "Thread-2671" [_thread_in_native, id=9592, stack(0x0000001ebed00000,0x0000001ebee00000)]
  0x0000017bc945d800 JavaThread "Swing-Shell" daemon [_thread_blocked, id=6240, stack(0x0000001ec7300000,0x0000001ec7800000)]
  0x0000017bc945c000 JavaThread "Relaunch Simulation Thread" [_thread_blocked, id=7512, stack(0x0000001ec8700000,0x0000001ec8c00000)]

Other Threads:
  0x0000017bdf254800 VMThread "VM Thread" [stack: 0x0000001ec0c00000,0x0000001ec0d00000] [id=13844]
  0x0000017bfc810800 WatcherThread [stack: 0x0000001ec3200000,0x0000001ec3300000] [id=11508]
  0x0000017bdfa35000 GCTaskThread "GC Thread#0" [stack: 0x0000001ec0700000,0x0000001ec0800000] [id=13768]
  0x0000017bc8afb000 GCTaskThread "GC Thread#1" [stack: 0x0000001ec5b00000,0x0000001ec5c00000] [id=2724]
  0x0000017bc867b800 GCTaskThread "GC Thread#2" [stack: 0x0000001ec5c00000,0x0000001ec5d00000] [id=1872]
  0x0000017bc867c800 GCTaskThread "GC Thread#3" [stack: 0x0000001ec5d00000,0x0000001ec5e00000] [id=2716]
  0x0000017be2685800 ConcurrentGCThread "G1 Main Marker" [stack: 0x0000001ec0800000,0x0000001ec0900000] [id=1376]
  0x0000017bfc17c000 ConcurrentGCThread "G1 Conc#0" [stack: 0x0000001ec0900000,0x0000001ec0a00000] [id=13840]
  0x0000017bdf153800 ConcurrentGCThread "G1 Refine#0" [stack: 0x0000001ec0a00000,0x0000001ec0b00000] [id=12940]
  0x0000017bc8937800 ConcurrentGCThread "G1 Refine#1" [stack: 0x0000001ec5e00000,0x0000001ec5f00000] [id=3760]
  0x0000017bf2228800 ConcurrentGCThread "G1 Refine#2" [stack: 0x0000001ec3b00000,0x0000001ec3c00000] [id=1060]
  0x0000017bdf74a000 ConcurrentGCThread "G1 Young RemSet Sampling" [stack: 0x0000001ec0b00000,0x0000001ec0c00000] [id=13864]

Threads with active compile tasks:

VM state:not at safepoint (normal execution)

VM Mutex/Monitor currently owned by a thread: None

Heap address: 0x0000000740000000, size: 3072 MB, Compressed Oops mode: Zero based, Oop shift amount: 3
Narrow klass base: 0x0000000800000000, Narrow klass shift: 0
Compressed class space size: 1073741824 Address: 0x0000000800000000

Heap:
 garbage-first heap   total 166912K, used 104190K [0x0000000740000000, 0x0000000800000000)
  region size 1024K, 11 young (11264K), 0 survivors (0K)
 Metaspace       used 100850K, capacity 103571K, committed 103708K, reserved 1138688K
  class space    used 13936K, capacity 15198K, committed 15308K, reserved 1048576K
Heap Regions: E=young(eden), S=young(survivor), O=old, HS=humongous(starts), HC=humongous(continues), CS=collection set, F=free, A=archive, TAMS=top-at-mark-start (previous, next)
|   0|0x0000000740000000, 0x0000000740100000, 0x0000000740100000|100%|HS|  |TAMS 0x0000000740000000, 0x0000000740000000| Untracked 
|   1|0x0000000740100000, 0x0000000740200000, 0x0000000740200000|100%|HC|  |TAMS 0x0000000740100000, 0x0000000740100000| Untracked 
|   2|0x0000000740200000, 0x0000000740300000, 0x0000000740300000|100%|HS|  |TAMS 0x0000000740200000, 0x0000000740200000| Untracked 
|   3|0x0000000740300000, 0x00000007403f8638, 0x0000000740400000| 97%| O|  |TAMS 0x0000000740300000, 0x0000000740300000| Untracked 
|   4|0x0000000740400000, 0x00000007404f8570, 0x0000000740500000| 97%| O|  |TAMS 0x0000000740400000, 0x0000000740400000| Untracked 
|   5|0x0000000740500000, 0x00000007405c6a68, 0x0000000740600000| 77%| O|  |TAMS 0x0000000740500000, 0x0000000740500000| Untracked 
|   6|0x0000000740600000, 0x00000007406ef2d0, 0x0000000740700000| 93%| O|  |TAMS 0x0000000740600000, 0x0000000740600000| Untracked 
|   7|0x0000000740700000, 0x00000007407defa8, 0x0000000740800000| 87%| O|  |TAMS 0x0000000740700000, 0x0000000740700000| Untracked 
|   8|0x0000000740800000, 0x00000007408ffff0, 0x0000000740900000| 99%| O|  |TAMS 0x0000000740800000, 0x0000000740800000| Untracked 
|   9|0x0000000740900000, 0x00000007409ffff0, 0x0000000740a00000| 99%| O|  |TAMS 0x0000000740900000, 0x0000000740900000| Untracked 
|  10|0x0000000740a00000, 0x0000000740affff8, 0x0000000740b00000| 99%| O|  |TAMS 0x0000000740a00000, 0x0000000740a00000| Untracked 
|  11|0x0000000740b00000, 0x0000000740bfffc0, 0x0000000740c00000| 99%| O|  |TAMS 0x0000000740b00000, 0x0000000740b00000| Untracked 
|  12|0x0000000740c00000, 0x0000000740cffff8, 0x0000000740d00000| 99%| O|  |TAMS 0x0000000740c00000, 0x0000000740c00000| Untracked 
|  13|0x0000000740d00000, 0x0000000740dffff0, 0x0000000740e00000| 99%| O|  |TAMS 0x0000000740d00000, 0x0000000740d00000| Untracked 
|  14|0x0000000740e00000, 0x0000000740f00000, 0x0000000740f00000|100%| O|  |TAMS 0x0000000740e00000, 0x0000000740e00000| Untracked 
|  15|0x0000000740f00000, 0x0000000740fffff0, 0x0000000741000000| 99%| O|  |TAMS 0x0000000740f00000, 0x0000000740f00000| Untracked 
|  16|0x0000000741000000, 0x00000007410ffff8, 0x0000000741100000| 99%| O|  |TAMS 0x0000000741000000, 0x0000000741000000| Untracked 
|  17|0x0000000741100000, 0x0000000741200000, 0x0000000741200000|100%| O|  |TAMS 0x0000000741100000, 0x0000000741100000| Untracked 
|  18|0x0000000741200000, 0x00000007412fffa8, 0x0000000741300000| 99%| O|  |TAMS 0x0000000741200000, 0x0000000741200000| Untracked 
|  19|0x0000000741300000, 0x00000007413ffff0, 0x0000000741400000| 99%| O|  |TAMS 0x0000000741300000, 0x0000000741300000| Untracked 
|  20|0x0000000741400000, 0x0000000741500000, 0x0000000741500000|100%| O|  |TAMS 0x0000000741400000, 0x0000000741400000| Untracked 
|  21|0x0000000741500000, 0x0000000741600000, 0x0000000741600000|100%| O|  |TAMS 0x0000000741500000, 0x0000000741500000| Untracked 
|  22|0x0000000741600000, 0x00000007416ffff0, 0x0000000741700000| 99%| O|  |TAMS 0x0000000741600000, 0x0000000741600000| Untracked 
|  23|0x0000000741700000, 0x00000007417ffff8, 0x0000000741800000| 99%| O|  |TAMS 0x0000000741700000, 0x0000000741700000| Untracked 
|  24|0x0000000741800000, 0x00000007418ffff8, 0x0000000741900000| 99%| O|  |TAMS 0x0000000741800000, 0x0000000741800000| Untracked 
|  25|0x0000000741900000, 0x00000007419fffe8, 0x0000000741a00000| 99%| O|  |TAMS 0x0000000741900000, 0x0000000741900000| Untracked 
|  26|0x0000000741a00000, 0x0000000741affff0, 0x0000000741b00000| 99%| O|  |TAMS 0x0000000741a00000, 0x0000000741a00000| Untracked 
|  27|0x0000000741b00000, 0x0000000741bffff8, 0x0000000741c00000| 99%| O|  |TAMS 0x0000000741b00000, 0x0000000741b00000| Untracked 
|  28|0x0000000741c00000, 0x0000000741d00000, 0x0000000741d00000|100%| O|  |TAMS 0x0000000741c00000, 0x0000000741c00000| Untracked 
|  29|0x0000000741d00000, 0x0000000741dfffd8, 0x0000000741e00000| 99%| O|  |TAMS 0x0000000741d00000, 0x0000000741d00000| Untracked 
|  30|0x0000000741e00000, 0x0000000741effff0, 0x0000000741f00000| 99%| O|  |TAMS 0x0000000741e00000, 0x0000000741e00000| Untracked 
|  31|0x0000000741f00000, 0x0000000741ffe210, 0x0000000742000000| 99%| O|  |TAMS 0x0000000741f00000, 0x0000000741f00000| Untracked 
|  32|0x0000000742000000, 0x00000007420ffff8, 0x0000000742100000| 99%| O|  |TAMS 0x0000000742000000, 0x0000000742000000| Untracked 
|  33|0x0000000742100000, 0x00000007421fffd0, 0x0000000742200000| 99%| O|  |TAMS 0x0000000742100000, 0x0000000742100000| Untracked 
|  34|0x0000000742200000, 0x0000000742300000, 0x0000000742300000|100%| O|  |TAMS 0x0000000742200000, 0x0000000742200000| Untracked 
|  35|0x0000000742300000, 0x00000007423ffff0, 0x0000000742400000| 99%| O|  |TAMS 0x0000000742300000, 0x0000000742300000| Untracked 
|  36|0x0000000742400000, 0x0000000742500000, 0x0000000742500000|100%| O|  |TAMS 0x0000000742400000, 0x0000000742400000| Untracked 
|  37|0x0000000742500000, 0x00000007425ffff8, 0x0000000742600000| 99%| O|  |TAMS 0x0000000742500000, 0x0000000742500000| Untracked 
|  38|0x0000000742600000, 0x00000007426fffb8, 0x0000000742700000| 99%| O|  |TAMS 0x0000000742600000, 0x0000000742600000| Untracked 
|  39|0x0000000742700000, 0x00000007427ffff8, 0x0000000742800000| 99%| O|  |TAMS 0x0000000742700000, 0x0000000742700000| Untracked 
|  40|0x0000000742800000, 0x0000000742900000, 0x0000000742900000|100%|HS|  |TAMS 0x0000000742800000, 0x0000000742800000| Untracked 
|  41|0x0000000742900000, 0x0000000742a00000, 0x0000000742a00000|100%|HC|  |TAMS 0x0000000742900000, 0x0000000742900000| Untracked 
|  42|0x0000000742a00000, 0x0000000742b00000, 0x0000000742b00000|100%|HC|  |TAMS 0x0000000742a00000, 0x0000000742a00000| Untracked 
|  43|0x0000000742b00000, 0x0000000742c00000, 0x0000000742c00000|100%|HC|  |TAMS 0x0000000742b00000, 0x0000000742b00000| Untracked 
|  44|0x0000000742c00000, 0x0000000742d00000, 0x0000000742d00000|100%|HC|  |TAMS 0x0000000742c00000, 0x0000000742c00000| Untracked 
|  45|0x0000000742d00000, 0x0000000742e00000, 0x0000000742e00000|100%|HC|  |TAMS 0x0000000742d00000, 0x0000000742d00000| Untracked 
|  46|0x0000000742e00000, 0x0000000742f00000, 0x0000000742f00000|100%|HC|  |TAMS 0x0000000742e00000, 0x0000000742e00000| Untracked 
|  47|0x0000000742f00000, 0x0000000743000000, 0x0000000743000000|100%|HC|  |TAMS 0x0000000742f00000, 0x0000000742f00000| Untracked 
|  48|0x0000000743000000, 0x00000007430fffb8, 0x0000000743100000| 99%| O|  |TAMS 0x0000000743000000, 0x0000000743000000| Untracked 
|  49|0x0000000743100000, 0x00000007431ffff8, 0x0000000743200000| 99%| O|  |TAMS 0x0000000743100000, 0x0000000743100000| Untracked 
|  50|0x0000000743200000, 0x00000007432fffb0, 0x0000000743300000| 99%| O|  |TAMS 0x0000000743200000, 0x0000000743200000| Untracked 
|  51|0x0000000743300000, 0x00000007433ffea0, 0x0000000743400000| 99%| O|  |TAMS 0x0000000743300000, 0x0000000743300000| Untracked 
|  52|0x0000000743400000, 0x00000007434fffd0, 0x0000000743500000| 99%| O|  |TAMS 0x0000000743400000, 0x0000000743400000| Untracked 
|  53|0x0000000743500000, 0x00000007435ffc38, 0x0000000743600000| 99%| O|  |TAMS 0x0000000743500000, 0x0000000743500000| Untracked 
|  54|0x0000000743600000, 0x00000007436fffd8, 0x0000000743700000| 99%| O|  |TAMS 0x0000000743600000, 0x0000000743600000| Untracked 
|  55|0x0000000743700000, 0x00000007437ffff0, 0x0000000743800000| 99%| O|  |TAMS 0x0000000743700000, 0x0000000743700000| Untracked 
|  56|0x0000000743800000, 0x00000007438fffe8, 0x0000000743900000| 99%| O|  |TAMS 0x0000000743800000, 0x0000000743800000| Untracked 
|  57|0x0000000743900000, 0x00000007439ffff8, 0x0000000743a00000| 99%| O|  |TAMS 0x0000000743900000, 0x0000000743900000| Untracked 
|  58|0x0000000743a00000, 0x0000000743affff8, 0x0000000743b00000| 99%| O|  |TAMS 0x0000000743a00000, 0x0000000743a00000| Untracked 
|  59|0x0000000743b00000, 0x0000000743bffdf8, 0x0000000743c00000| 99%| O|  |TAMS 0x0000000743b00000, 0x0000000743b00000| Untracked 
|  60|0x0000000743c00000, 0x0000000743cffd20, 0x0000000743d00000| 99%| O|  |TAMS 0x0000000743c00000, 0x0000000743c00000| Untracked 
|  61|0x0000000743d00000, 0x0000000743e00000, 0x0000000743e00000|100%| O|  |TAMS 0x0000000743d00000, 0x0000000743d00000| Untracked 
|  62|0x0000000743e00000, 0x0000000743f00000, 0x0000000743f00000|100%| O|  |TAMS 0x0000000743e00000, 0x0000000743e00000| Untracked 
|  63|0x0000000743f00000, 0x0000000743fffff8, 0x0000000744000000| 99%| O|  |TAMS 0x0000000743f00000, 0x0000000743f00000| Untracked 
|  64|0x0000000744000000, 0x00000007440fff80, 0x0000000744100000| 99%| O|  |TAMS 0x0000000744000000, 0x0000000744000000| Untracked 
|  65|0x0000000744100000, 0x00000007441fff68, 0x0000000744200000| 99%| O|  |TAMS 0x0000000744100000, 0x0000000744100000| Untracked 
|  66|0x0000000744200000, 0x0000000744300000, 0x0000000744300000|100%| O|  |TAMS 0x0000000744200000, 0x0000000744200000| Untracked 
|  67|0x0000000744300000, 0x00000007443ffff0, 0x0000000744400000| 99%| O|  |TAMS 0x0000000744300000, 0x0000000744300000| Untracked 
|  68|0x0000000744400000, 0x00000007444ffef0, 0x0000000744500000| 99%| O|  |TAMS 0x0000000744400000, 0x0000000744400000| Untracked 
|  69|0x0000000744500000, 0x00000007445ffff0, 0x0000000744600000| 99%| O|  |TAMS 0x0000000744500000, 0x0000000744500000| Untracked 
|  70|0x0000000744600000, 0x00000007446ffe60, 0x0000000744700000| 99%| O|  |TAMS 0x0000000744600000, 0x0000000744600000| Untracked 
|  71|0x0000000744700000, 0x00000007447ffff8, 0x0000000744800000| 99%| O|  |TAMS 0x0000000744700000, 0x0000000744700000| Untracked 
|  72|0x0000000744800000, 0x00000007448ffff8, 0x0000000744900000| 99%| O|  |TAMS 0x0000000744800000, 0x0000000744800000| Untracked 
|  73|0x0000000744900000, 0x00000007449ffff8, 0x0000000744a00000| 99%| O|  |TAMS 0x0000000744900000, 0x0000000744900000| Untracked 
|  74|0x0000000744a00000, 0x0000000744afffe8, 0x0000000744b00000| 99%| O|  |TAMS 0x0000000744a00000, 0x0000000744a00000| Untracked 
|  75|0x0000000744b00000, 0x0000000744bfffe8, 0x0000000744c00000| 99%| O|  |TAMS 0x0000000744b00000, 0x0000000744b00000| Untracked 
|  76|0x0000000744c00000, 0x0000000744cfffb8, 0x0000000744d00000| 99%| O|  |TAMS 0x0000000744c00000, 0x0000000744c00000| Untracked 
|  77|0x0000000744d00000, 0x0000000744e00000, 0x0000000744e00000|100%| O|  |TAMS 0x0000000744d00000, 0x0000000744d00000| Untracked 
|  78|0x0000000744e00000, 0x0000000744effff8, 0x0000000744f00000| 99%| O|  |TAMS 0x0000000744e00000, 0x0000000744e00000| Untracked 
|  79|0x0000000744f00000, 0x0000000744ffffc0, 0x0000000745000000| 99%| O|  |TAMS 0x0000000744f00000, 0x0000000744f00000| Untracked 
|  80|0x0000000745000000, 0x00000007450ffff0, 0x0000000745100000| 99%| O|  |TAMS 0x0000000745000000, 0x0000000745000000| Untracked 
|  81|0x0000000745100000, 0x00000007451ff990, 0x0000000745200000| 99%| O|  |TAMS 0x0000000745100000, 0x0000000745100000| Untracked 
|  82|0x0000000745200000, 0x00000007452fffe8, 0x0000000745300000| 99%| O|  |TAMS 0x0000000745200000, 0x0000000745200000| Untracked 
|  83|0x0000000745300000, 0x00000007453ffee0, 0x0000000745400000| 99%| O|  |TAMS 0x0000000745300000, 0x0000000745300000| Untracked 
|  84|0x0000000745400000, 0x00000007454fffd8, 0x0000000745500000| 99%| O|  |TAMS 0x0000000745400000, 0x0000000745400000| Untracked 
|  85|0x0000000745500000, 0x00000007455fffd0, 0x0000000745600000| 99%| O|  |TAMS 0x0000000745500000, 0x0000000745500000| Untracked 
|  86|0x0000000745600000, 0x00000007456fffe8, 0x0000000745700000| 99%| O|  |TAMS 0x0000000745600000, 0x0000000745600000| Untracked 
|  87|0x0000000745700000, 0x00000007457ffec0, 0x0000000745800000| 99%| O|  |TAMS 0x0000000745700000, 0x0000000745700000| Untracked 
|  88|0x0000000745800000, 0x0000000745878208, 0x0000000745900000| 46%| O|  |TAMS 0x0000000745800000, 0x0000000745800000| Untracked 
|  89|0x0000000745900000, 0x00000007459ffff0, 0x0000000745a00000| 99%| O|  |TAMS 0x0000000745900000, 0x0000000745900000| Untracked 
|  90|0x0000000745a00000, 0x0000000745ab6e60, 0x0000000745b00000| 71%| O|  |TAMS 0x0000000745a00000, 0x0000000745a00000| Untracked 
|  91|0x0000000745b00000, 0x0000000745b00000, 0x0000000745c00000|  0%| F|  |TAMS 0x0000000745b00000, 0x0000000745b00000| Untracked 
|  92|0x0000000745c00000, 0x0000000745c0ec68, 0x0000000745d00000|  5%| O|  |TAMS 0x0000000745c00000, 0x0000000745c00000| Untracked 
|  93|0x0000000745d00000, 0x0000000745d00000, 0x0000000745e00000|  0%| F|  |TAMS 0x0000000745d00000, 0x0000000745d00000| Untracked 
|  94|0x0000000745e00000, 0x0000000745e00000, 0x0000000745f00000|  0%| F|  |TAMS 0x0000000745e00000, 0x0000000745e00000| Untracked 
|  95|0x0000000745f00000, 0x0000000745f00000, 0x0000000746000000|  0%| F|  |TAMS 0x0000000745f00000, 0x0000000745f00000| Untracked 
|  96|0x0000000746000000, 0x0000000746000000, 0x0000000746100000|  0%| F|  |TAMS 0x0000000746000000, 0x0000000746000000| Untracked 
|  97|0x0000000746100000, 0x0000000746100000, 0x0000000746200000|  0%| F|  |TAMS 0x0000000746100000, 0x0000000746100000| Untracked 
|  98|0x0000000746200000, 0x0000000746200000, 0x0000000746300000|  0%| F|  |TAMS 0x0000000746200000, 0x0000000746200000| Untracked 
|  99|0x0000000746300000, 0x0000000746400000, 0x0000000746400000|100%|HS|  |TAMS 0x0000000746300000, 0x0000000746300000| Untracked 
| 100|0x0000000746400000, 0x0000000746500000, 0x0000000746500000|100%|HC|  |TAMS 0x0000000746400000, 0x0000000746400000| Untracked 
| 101|0x0000000746500000, 0x0000000746500000, 0x0000000746600000|  0%| F|  |TAMS 0x0000000746500000, 0x0000000746500000| Untracked 
| 102|0x0000000746600000, 0x0000000746600000, 0x0000000746700000|  0%| F|  |TAMS 0x0000000746600000, 0x0000000746600000| Untracked 
| 103|0x0000000746700000, 0x0000000746700000, 0x0000000746800000|  0%| F|  |TAMS 0x0000000746700000, 0x0000000746700000| Untracked 
| 104|0x0000000746800000, 0x0000000746800000, 0x0000000746900000|  0%| F|  |TAMS 0x0000000746800000, 0x0000000746800000| Untracked 
| 105|0x0000000746900000, 0x0000000746900000, 0x0000000746a00000|  0%| F|  |TAMS 0x0000000746900000, 0x0000000746900000| Untracked 
| 106|0x0000000746a00000, 0x0000000746a00000, 0x0000000746b00000|  0%| F|  |TAMS 0x0000000746a00000, 0x0000000746a00000| Untracked 
| 107|0x0000000746b00000, 0x0000000746b00000, 0x0000000746c00000|  0%| F|  |TAMS 0x0000000746b00000, 0x0000000746b00000| Untracked 
| 108|0x0000000746c00000, 0x0000000746c00000, 0x0000000746d00000|  0%| F|  |TAMS 0x0000000746c00000, 0x0000000746c00000| Untracked 
| 109|0x0000000746d00000, 0x0000000746d00000, 0x0000000746e00000|  0%| F|  |TAMS 0x0000000746d00000, 0x0000000746d00000| Untracked 
| 110|0x0000000746e00000, 0x0000000746e00000, 0x0000000746f00000|  0%| F|  |TAMS 0x0000000746e00000, 0x0000000746e00000| Untracked 
| 111|0x0000000746f00000, 0x0000000746f00000, 0x0000000747000000|  0%| F|  |TAMS 0x0000000746f00000, 0x0000000746f00000| Untracked 
| 112|0x0000000747000000, 0x0000000747000000, 0x0000000747100000|  0%| F|  |TAMS 0x0000000747000000, 0x0000000747000000| Untracked 
| 113|0x0000000747100000, 0x0000000747100000, 0x0000000747200000|  0%| F|  |TAMS 0x0000000747100000, 0x0000000747100000| Untracked 
| 114|0x0000000747200000, 0x0000000747200000, 0x0000000747300000|  0%| F|  |TAMS 0x0000000747200000, 0x0000000747200000| Untracked 
| 115|0x0000000747300000, 0x0000000747300000, 0x0000000747400000|  0%| F|  |TAMS 0x0000000747300000, 0x0000000747300000| Untracked 
| 116|0x0000000747400000, 0x0000000747400000, 0x0000000747500000|  0%| F|  |TAMS 0x0000000747400000, 0x0000000747400000| Untracked 
| 117|0x0000000747500000, 0x0000000747500000, 0x0000000747600000|  0%| F|  |TAMS 0x0000000747500000, 0x0000000747500000| Untracked 
| 118|0x0000000747600000, 0x0000000747600000, 0x0000000747700000|  0%| F|  |TAMS 0x0000000747600000, 0x0000000747600000| Untracked 
| 119|0x0000000747700000, 0x0000000747700000, 0x0000000747800000|  0%| F|  |TAMS 0x0000000747700000, 0x0000000747700000| Untracked 
| 120|0x0000000747800000, 0x0000000747800000, 0x0000000747900000|  0%| F|  |TAMS 0x0000000747800000, 0x0000000747800000| Untracked 
| 121|0x0000000747900000, 0x0000000747900000, 0x0000000747a00000|  0%| F|  |TAMS 0x0000000747900000, 0x0000000747900000| Untracked 
| 122|0x0000000747a00000, 0x0000000747a00000, 0x0000000747b00000|  0%| F|  |TAMS 0x0000000747a00000, 0x0000000747a00000| Untracked 
| 123|0x0000000747b00000, 0x0000000747b00000, 0x0000000747c00000|  0%| F|  |TAMS 0x0000000747b00000, 0x0000000747b00000| Untracked 
| 124|0x0000000747c00000, 0x0000000747c00000, 0x0000000747d00000|  0%| F|  |TAMS 0x0000000747c00000, 0x0000000747c00000| Untracked 
| 125|0x0000000747d00000, 0x0000000747d00000, 0x0000000747e00000|  0%| F|  |TAMS 0x0000000747d00000, 0x0000000747d00000| Untracked 
| 126|0x0000000747e00000, 0x0000000747e00000, 0x0000000747f00000|  0%| F|  |TAMS 0x0000000747e00000, 0x0000000747e00000| Untracked 
| 127|0x0000000747f00000, 0x0000000747f00000, 0x0000000748000000|  0%| F|  |TAMS 0x0000000747f00000, 0x0000000747f00000| Untracked 
| 128|0x0000000748000000, 0x0000000748000000, 0x0000000748100000|  0%| F|  |TAMS 0x0000000748000000, 0x0000000748000000| Untracked 
| 129|0x0000000748100000, 0x0000000748100000, 0x0000000748200000|  0%| F|  |TAMS 0x0000000748100000, 0x0000000748100000| Untracked 
| 130|0x0000000748200000, 0x0000000748200000, 0x0000000748300000|  0%| F|  |TAMS 0x0000000748200000, 0x0000000748200000| Untracked 
| 131|0x0000000748300000, 0x0000000748300000, 0x0000000748400000|  0%| F|  |TAMS 0x0000000748300000, 0x0000000748300000| Untracked 
| 132|0x0000000748400000, 0x0000000748400000, 0x0000000748500000|  0%| F|  |TAMS 0x0000000748400000, 0x0000000748400000| Untracked 
| 133|0x0000000748500000, 0x0000000748500000, 0x0000000748600000|  0%| F|  |TAMS 0x0000000748500000, 0x0000000748500000| Untracked 
| 134|0x0000000748600000, 0x0000000748600000, 0x0000000748700000|  0%| F|  |TAMS 0x0000000748600000, 0x0000000748600000| Untracked 
| 135|0x0000000748700000, 0x0000000748700000, 0x0000000748800000|  0%| F|  |TAMS 0x0000000748700000, 0x0000000748700000| Untracked 
| 136|0x0000000748800000, 0x0000000748800000, 0x0000000748900000|  0%| F|  |TAMS 0x0000000748800000, 0x0000000748800000| Untracked 
| 137|0x0000000748900000, 0x0000000748900000, 0x0000000748a00000|  0%| F|  |TAMS 0x0000000748900000, 0x0000000748900000| Untracked 
| 138|0x0000000748a00000, 0x0000000748a00000, 0x0000000748b00000|  0%| F|  |TAMS 0x0000000748a00000, 0x0000000748a00000| Untracked 
| 139|0x0000000748b00000, 0x0000000748b00000, 0x0000000748c00000|  0%| F|  |TAMS 0x0000000748b00000, 0x0000000748b00000| Untracked 
| 140|0x0000000748c00000, 0x0000000748c00000, 0x0000000748d00000|  0%| F|  |TAMS 0x0000000748c00000, 0x0000000748c00000| Untracked 
| 141|0x0000000748d00000, 0x0000000748d00000, 0x0000000748e00000|  0%| F|  |TAMS 0x0000000748d00000, 0x0000000748d00000| Untracked 
| 142|0x0000000748e00000, 0x0000000748e00000, 0x0000000748f00000|  0%| F|  |TAMS 0x0000000748e00000, 0x0000000748e00000| Untracked 
| 143|0x0000000748f00000, 0x0000000748f00000, 0x0000000749000000|  0%| F|  |TAMS 0x0000000748f00000, 0x0000000748f00000| Untracked 
| 144|0x0000000749000000, 0x0000000749000000, 0x0000000749100000|  0%| F|  |TAMS 0x0000000749000000, 0x0000000749000000| Untracked 
| 145|0x0000000749100000, 0x0000000749100000, 0x0000000749200000|  0%| F|  |TAMS 0x0000000749100000, 0x0000000749100000| Untracked 
| 146|0x0000000749200000, 0x0000000749200000, 0x0000000749300000|  0%| F|  |TAMS 0x0000000749200000, 0x0000000749200000| Untracked 
| 147|0x0000000749300000, 0x0000000749300000, 0x0000000749400000|  0%| F|  |TAMS 0x0000000749300000, 0x0000000749300000| Untracked 
| 148|0x0000000749400000, 0x0000000749400000, 0x0000000749500000|  0%| F|  |TAMS 0x0000000749400000, 0x0000000749400000| Untracked 
| 149|0x0000000749500000, 0x0000000749500000, 0x0000000749600000|  0%| F|  |TAMS 0x0000000749500000, 0x0000000749500000| Untracked 
| 150|0x0000000749600000, 0x0000000749600000, 0x0000000749700000|  0%| F|  |TAMS 0x0000000749600000, 0x0000000749600000| Untracked 
| 151|0x0000000749700000, 0x0000000749700000, 0x0000000749800000|  0%| F|  |TAMS 0x0000000749700000, 0x0000000749700000| Untracked 
| 152|0x0000000749800000, 0x00000007498b07b0, 0x0000000749900000| 68%| E|  |TAMS 0x0000000749800000, 0x0000000749800000| Complete 
| 153|0x0000000749900000, 0x0000000749a00000, 0x0000000749a00000|100%| E|CS|TAMS 0x0000000749900000, 0x0000000749900000| Complete 
| 154|0x0000000749a00000, 0x0000000749b00000, 0x0000000749b00000|100%| E|CS|TAMS 0x0000000749a00000, 0x0000000749a00000| Complete 
| 155|0x0000000749b00000, 0x0000000749c00000, 0x0000000749c00000|100%| E|CS|TAMS 0x0000000749b00000, 0x0000000749b00000| Complete 
| 156|0x0000000749c00000, 0x0000000749d00000, 0x0000000749d00000|100%| E|CS|TAMS 0x0000000749c00000, 0x0000000749c00000| Complete 
| 157|0x0000000749d00000, 0x0000000749e00000, 0x0000000749e00000|100%| E|CS|TAMS 0x0000000749d00000, 0x0000000749d00000| Complete 
| 158|0x0000000749e00000, 0x0000000749f00000, 0x0000000749f00000|100%| E|CS|TAMS 0x0000000749e00000, 0x0000000749e00000| Complete 
| 159|0x0000000749f00000, 0x000000074a000000, 0x000000074a000000|100%| E|CS|TAMS 0x0000000749f00000, 0x0000000749f00000| Complete 
| 160|0x000000074a000000, 0x000000074a100000, 0x000000074a100000|100%| E|CS|TAMS 0x000000074a000000, 0x000000074a000000| Complete 
| 161|0x000000074a100000, 0x000000074a200000, 0x000000074a200000|100%| E|CS|TAMS 0x000000074a100000, 0x000000074a100000| Complete 
| 162|0x000000074a200000, 0x000000074a300000, 0x000000074a300000|100%| E|CS|TAMS 0x000000074a200000, 0x000000074a200000| Complete 

Card table byte_map: [0x0000017bd38b0000,0x0000017bd3eb0000] _byte_map_base: 0x0000017bcfeb0000

Marking Bits (Prev, Next): (CMBitMap*) 0x0000017be0d5b2f0, (CMBitMap*) 0x0000017be0d5b2b8
 Prev Bits: [0x0000017bd74b0000, 0x0000017bda4b0000)
 Next Bits: [0x0000017bd44b0000, 0x0000017bd74b0000)

Polling page: 0x0000017bbfa10000

Metaspace:

Usage:
  Non-class:     86.30 MB capacity,    84.88 MB ( 98%) used,     1.07 MB (  1%) free+waste,   367.31 KB ( <1%) overhead. 
      Class:     14.84 MB capacity,    13.61 MB ( 92%) used,     1.06 MB (  7%) free+waste,   177.25 KB (  1%) overhead. 
       Both:    101.14 MB capacity,    98.49 MB ( 97%) used,     2.12 MB (  2%) free+waste,   544.56 KB ( <1%) overhead. 

Virtual space:
  Non-class space:       88.00 MB reserved,      86.33 MB ( 98%) committed 
      Class space:        1.00 GB reserved,      14.95 MB (  1%) committed 
             Both:        1.09 GB reserved,     101.28 MB (  9%) committed 

Chunk freelists:
   Non-Class:  3.38 KB
       Class:  256 bytes
        Both:  3.63 KB

CodeHeap 'non-profiled nmethods': size=120064Kb used=22665Kb max_used=22665Kb free=97398Kb
 bounds [0x0000017bea520000, 0x0000017bebb50000, 0x0000017bf1a60000]
CodeHeap 'profiled nmethods': size=120000Kb used=44222Kb max_used=44222Kb free=75777Kb
 bounds [0x0000017be2ff0000, 0x0000017be5b70000, 0x0000017bea520000]
CodeHeap 'non-nmethods': size=5696Kb used=1688Kb max_used=1747Kb free=4007Kb
 bounds [0x0000017be2a60000, 0x0000017be2cd0000, 0x0000017be2ff0000]
 total_blobs=34640 nmethods=18244 adapters=1159
 compilation: enabled
              stopped_count=0, restarted_count=0
 full_count=0

Compilation events (10 events):
Event: 2971.431 Thread 0x0000017be208a800 23869       1       ui.views.waveform.w::gWb (2 bytes)
Event: 2971.431 Thread 0x0000017be208a800 nmethod 23869 0x0000017bebb43910 code [0x0000017bebb43ac0, 0x0000017bebb43bd8]
Event: 2971.432 Thread 0x0000017be208a800 23870       1       ui.views.waveform.w::gVY (2 bytes)
Event: 2971.432 Thread 0x0000017be208a800 nmethod 23870 0x0000017bebb43c90 code [0x0000017bebb43e40, 0x0000017bebb43f58]
Event: 2971.432 Thread 0x0000017be208a800 23871       1       ui.views.waveform.w::bOa (2 bytes)
Event: 2971.432 Thread 0x0000017be208a800 nmethod 23871 0x0000017bebb44010 code [0x0000017bebb441c0, 0x0000017bebb442d8]
Event: 2971.436 Thread 0x0000017be208a800 23872       3       ui.dlg.c.b.A::addListSelectionListener (11 bytes)
Event: 2971.436 Thread 0x0000017be208a800 nmethod 23872 0x0000017be5b6ae90 code [0x0000017be5b6b060, 0x0000017be5b6b230]
Event: 2971.451 Thread 0x0000017bfc30f800 23873       4       com.google.protobuf.Utf8$UnsafeProcessor::unsafeEstimateConsecutiveAscii (40 bytes)
Event: 2971.454 Thread 0x0000017bfc30f800 nmethod 23873 0x0000017bebb44390 code [0x0000017bebb44520, 0x0000017bebb44718]

GC Heap History (10 events):
Event: 2907.501 GC heap before
{Heap before GC invocations=279 (full 3):
 garbage-first heap   total 166912K, used 154943K [0x0000000740000000, 0x0000000800000000)
  region size 1024K, 60 young (61440K), 0 survivors (0K)
 Metaspace       used 100394K, capacity 103029K, committed 103324K, reserved 1138688K
  class space    used 13871K, capacity 15082K, committed 15180K, reserved 1048576K
}
Event: 2907.505 GC heap after
{Heap after GC invocations=280 (full 3):
 garbage-first heap   total 166912K, used 94199K [0x0000000740000000, 0x0000000800000000)
  region size 1024K, 1 young (1024K), 1 survivors (1024K)
 Metaspace       used 100394K, capacity 103029K, committed 103324K, reserved 1138688K
  class space    used 13871K, capacity 15082K, committed 15180K, reserved 1048576K
}
Event: 2924.888 GC heap before
{Heap before GC invocations=281 (full 3):
 garbage-first heap   total 166912K, used 154615K [0x0000000740000000, 0x0000000800000000)
  region size 1024K, 60 young (61440K), 1 survivors (1024K)
 Metaspace       used 100686K, capacity 103408K, committed 103580K, reserved 1138688K
  class space    used 13925K, capacity 15165K, committed 15180K, reserved 1048576K
}
Event: 2924.896 GC heap after
{Heap after GC invocations=282 (full 3):
 garbage-first heap   total 166912K, used 94504K [0x0000000740000000, 0x0000000800000000)
  region size 1024K, 1 young (1024K), 1 survivors (1024K)
 Metaspace       used 100686K, capacity 103408K, committed 103580K, reserved 1138688K
  class space    used 13925K, capacity 15165K, committed 15180K, reserved 1048576K
}
Event: 2938.312 GC heap before
{Heap before GC invocations=282 (full 3):
 garbage-first heap   total 166912K, used 154920K [0x0000000740000000, 0x0000000800000000)
  region size 1024K, 60 young (61440K), 1 survivors (1024K)
 Metaspace       used 100758K, capacity 103475K, committed 103580K, reserved 1138688K
  class space    used 13926K, capacity 15166K, committed 15180K, reserved 1048576K
}
Event: 2938.317 GC heap after
{Heap after GC invocations=283 (full 3):
 garbage-first heap   total 166912K, used 94954K [0x0000000740000000, 0x0000000800000000)
  region size 1024K, 2 young (2048K), 2 survivors (2048K)
 Metaspace       used 100758K, capacity 103475K, committed 103580K, reserved 1138688K
  class space    used 13926K, capacity 15166K, committed 15180K, reserved 1048576K
}
Event: 2955.462 GC heap before
{Heap before GC invocations=284 (full 3):
 garbage-first heap   total 166912K, used 154346K [0x0000000740000000, 0x0000000800000000)
  region size 1024K, 60 young (61440K), 2 survivors (2048K)
 Metaspace       used 100784K, capacity 103475K, committed 103580K, reserved 1138688K
  class space    used 13926K, capacity 15166K, committed 15180K, reserved 1048576K
}
Event: 2955.469 GC heap after
{Heap after GC invocations=285 (full 3):
 garbage-first heap   total 166912K, used 94772K [0x0000000740000000, 0x0000000800000000)
  region size 1024K, 2 young (2048K), 2 survivors (2048K)
 Metaspace       used 100784K, capacity 103475K, committed 103580K, reserved 1138688K
  class space    used 13926K, capacity 15166K, committed 15180K, reserved 1048576K
}
Event: 2966.674 GC heap before
{Heap before GC invocations=285 (full 3):
 garbage-first heap   total 166912K, used 123444K [0x0000000740000000, 0x0000000800000000)
  region size 1024K, 31 young (31744K), 2 survivors (2048K)
 Metaspace       used 100835K, capacity 103571K, committed 103708K, reserved 1138688K
  class space    used 13936K, capacity 15198K, committed 15308K, reserved 1048576K
}
Event: 2966.825 GC heap after
{Heap after GC invocations=286 (full 4):
 garbage-first heap   total 166912K, used 93950K [0x0000000740000000, 0x0000000800000000)
  region size 1024K, 0 young (0K), 0 survivors (0K)
 Metaspace       used 100835K, capacity 103571K, committed 103708K, reserved 1138688K
  class space    used 13936K, capacity 15198K, committed 15308K, reserved 1048576K
}

Deoptimization events (10 events):
Event: 2927.001 Thread 0x0000017bc79db000 Uncommon trap: reason=unstable_if action=reinterpret pc=0x0000017beb5bd3f8 method=com.jidesoft.plaf.synthetica.SyntheticaJidePainter.createSyntheticaState(I)Lde/javasoft/plaf/synthetica/SyntheticaState; @ 9 c2
Event: 2927.039 Thread 0x0000017bddd35000 Uncommon trap: reason=unstable_if action=reinterpret pc=0x0000017beb874914 method=ui.utils.lnf.b.run()V @ 168 c2
Event: 2928.361 Thread 0x0000017bc79db000 Uncommon trap: reason=unstable_if action=reinterpret pc=0x0000017beb53ce84 method=com.jidesoft.swing.JideSwingUtilities.getButtonState(Ljavax/swing/AbstractButton;)I @ 33 c2
Event: 2944.681 Thread 0x0000017bc79db000 Uncommon trap: reason=class_check action=maybe_recompile pc=0x0000017beb90dd28 method=javax.swing.SwingUtilities.convertPointFromScreen(Ljava/awt/Point;Ljava/awt/Component;)V @ 29 c2
Event: 2944.684 Thread 0x0000017bc79db000 Uncommon trap: reason=class_check action=maybe_recompile pc=0x0000017beb90dd28 method=javax.swing.SwingUtilities.convertPointFromScreen(Ljava/awt/Point;Ljava/awt/Component;)V @ 29 c2
Event: 2955.148 Thread 0x0000017bc79db000 Uncommon trap: reason=bimorphic_or_optimized_type_check action=maybe_recompile pc=0x0000017beb971a48 method=com.jidesoft.grid.TreeTable.getRowAt(I)Lcom/jidesoft/grid/Row; @ 1 c2
Event: 2955.148 Thread 0x0000017bc79db000 Uncommon trap: reason=bimorphic_or_optimized_type_check action=maybe_recompile pc=0x0000017beb971a48 method=com.jidesoft.grid.TreeTable.getRowAt(I)Lcom/jidesoft/grid/Row; @ 1 c2
Event: 2955.148 Thread 0x0000017bc79db000 Uncommon trap: reason=bimorphic_or_optimized_type_check action=maybe_recompile pc=0x0000017beb971a48 method=com.jidesoft.grid.TreeTable.getRowAt(I)Lcom/jidesoft/grid/Row; @ 1 c2
Event: 2955.148 Thread 0x0000017bc79db000 Uncommon trap: reason=bimorphic_or_optimized_type_check action=maybe_recompile pc=0x0000017beb971a48 method=com.jidesoft.grid.TreeTable.getRowAt(I)Lcom/jidesoft/grid/Row; @ 1 c2
Event: 2959.758 Thread 0x0000017bc79db000 Uncommon trap: reason=class_check action=maybe_recompile pc=0x0000017beb41cfd4 method=javax.swing.AbstractButton.setEnabled(Z)V @ 21 c2

Classes redefined (0 events):
No events

Internal exceptions (10 events):
Event: 2847.090 Thread 0x0000017bc945c000 Exception <a 'java/lang/InterruptedException'{0x00000007492835c8}: sleep interrupted> (0x00000007492835c8) thrown at [t:/workspace/open/src/hotspot/share/prims/jvm.cpp, line 3091]
Event: 2873.845 Thread 0x0000017bc79db000 Implicit null exception at 0x0000017beb724391 to 0x0000017beb72b34a
Event: 2883.505 Thread 0x0000017bc79db000 Implicit null exception at 0x0000017beb9b4848 to 0x0000017beb9b5c8e
Event: 2888.621 Thread 0x0000017bc79db000 Implicit null exception at 0x0000017beb5ad17a to 0x0000017beb5ad2f3
Event: 2888.998 Thread 0x0000017bc79db000 Exception <a 'java/lang/ClassNotFoundException'{0x00000007492c8a40}: ui/views/waveform/f/nBeanInfo> (0x00000007492c8a40) thrown at [t:/workspace/open/src/hotspot/share/classfile/systemDictionary.cpp, line 231]
Event: 2888.999 Thread 0x0000017bc79db000 Exception <a 'java/lang/ClassNotFoundException'{0x00000007492d55a0}: ui/views/waveform/f/nCustomizer> (0x00000007492d55a0) thrown at [t:/workspace/open/src/hotspot/share/classfile/systemDictionary.cpp, line 231]
Event: 2889.118 Thread 0x0000017bc79db000 Exception <a 'java/lang/NoSuchMethodError'{0x0000000748ba9238}: java.lang.invoke.DirectMethodHandle$Holder.invokeSpecial(Ljava/lang/Object;Ljava/lang/Object;IIIJJJ)Ljava/lang/Object;> (0x0000000748ba9238) thrown at [t:/workspace/open/src/hotspot/share/int
Event: 2889.118 Thread 0x0000017bc79db000 Exception <a 'java/lang/NoSuchMethodError'{0x0000000748bacb70}: java.lang.invoke.DelegatingMethodHandle$Holder.reinvoke_L(Ljava/lang/Object;IIIJJJ)Ljava/lang/Object;> (0x0000000748bacb70) thrown at [t:/workspace/open/src/hotspot/share/interpreter/linkReso
Event: 2903.771 Thread 0x0000017bddd35000 Implicit null exception at 0x0000017beb662abf to 0x0000017beb6642ae
Event: 2911.084 Thread 0x0000017bc79db000 Implicit null exception at 0x0000017beb863ff9 to 0x0000017beb8645da

Events (10 events):
Event: 2968.644 Thread 0x0000017bc9460000 Thread added: 0x0000017bc9460000
Event: 2968.649 Executing VM operation: RevokeBias
Event: 2968.649 Executing VM operation: RevokeBias done
Event: 2968.649 Thread 0x0000017bc9460000 Thread exited: 0x0000017bc9460000
Event: 2968.831 Thread 0x0000017bc9460000 Thread added: 0x0000017bc9460000
Event: 2968.835 Thread 0x0000017bc9460000 Thread exited: 0x0000017bc9460000
Event: 2969.831 Thread 0x0000017bc9460000 Thread added: 0x0000017bc9460000
Event: 2969.836 Thread 0x0000017bc9460000 Thread exited: 0x0000017bc9460000
Event: 2970.832 Thread 0x0000017bc9460000 Thread added: 0x0000017bc9460000
Event: 2970.841 Thread 0x0000017bc9460000 Thread exited: 0x0000017bc9460000


Dynamic libraries:
0x00007ff69a9c0000 - 0x00007ff69a9ef000 	E:\Vivado\2020.2\bin\unwrapped\win64.o\vivado.exe
0x00007ffe2bed0000 - 0x00007ffe2c0c6000 	C:\WINDOWS\SYSTEM32\ntdll.dll
0x00007ffe2a070000 - 0x00007ffe2a12d000 	C:\WINDOWS\System32\KERNEL32.DLL
0x00007ffe299a0000 - 0x00007ffe29c69000 	C:\WINDOWS\System32\KERNELBASE.dll
0x00007ffe29720000 - 0x00007ffe29820000 	C:\WINDOWS\System32\ucrtbase.dll
0x00007ffe26960000 - 0x00007ffe269f2000 	C:\WINDOWS\SYSTEM32\MSVCP140.dll
0x00007ffdd0ae0000 - 0x00007ffdd0af3000 	E:\Vivado\2020.2\lib\win64.o\libboost_signals.dll
0x00007ffdd0ac0000 - 0x00007ffdd0ad8000 	E:\Vivado\2020.2\lib\win64.o\librdi_commonmain.dll
0x00007ffe26a00000 - 0x00007ffe26a19000 	C:\WINDOWS\SYSTEM32\VCRUNTIME140.dll
0x00007ffda4d40000 - 0x00007ffda5eb7000 	E:\Vivado\2020.2\lib\win64.o\librdi_common.dll
0x00007ffe26950000 - 0x00007ffe2695c000 	C:\WINDOWS\SYSTEM32\VCRUNTIME140_1.dll
0x00007ffe2a680000 - 0x00007ffe2a820000 	C:\WINDOWS\System32\USER32.dll
0x00007ffe29c70000 - 0x00007ffe29c92000 	C:\WINDOWS\System32\win32u.dll
0x00007ffe2a5b0000 - 0x00007ffe2a5da000 	C:\WINDOWS\System32\GDI32.dll
0x00007ffe29e00000 - 0x00007ffe29f0b000 	C:\WINDOWS\System32\gdi32full.dll
0x00007ffe29820000 - 0x00007ffe298bd000 	C:\WINDOWS\System32\msvcp_win.dll
0x00007ffe2bbe0000 - 0x00007ffe2bc8c000 	C:\WINDOWS\System32\ADVAPI32.dll
0x00007ffe2a5e0000 - 0x00007ffe2a67e000 	C:\WINDOWS\System32\msvcrt.dll
0x00007ffe2a8b0000 - 0x00007ffe2a94c000 	C:\WINDOWS\System32\sechost.dll
0x00007ffe2b250000 - 0x00007ffe2b37b000 	C:\WINDOWS\System32\RPCRT4.dll
0x00007ffe2a9d0000 - 0x00007ffe2b113000 	C:\WINDOWS\System32\SHELL32.dll
0x00007ffdd1220000 - 0x00007ffdd1229000 	E:\Vivado\2020.2\lib\win64.o\librdi_commonversion.dll
0x00007ffdd0a90000 - 0x00007ffdd0ab2000 	E:\Vivado\2020.2\lib\win64.o\libboost_filesystem.dll
0x00007ffe2a840000 - 0x00007ffe2a8ab000 	C:\WINDOWS\System32\WS2_32.dll
0x00007ffe29970000 - 0x00007ffe29997000 	C:\WINDOWS\System32\bcrypt.dll
0x00007ffda4ba0000 - 0x00007ffda4d39000 	E:\Vivado\2020.2\lib\win64.o\librdi_commonxillic.dll
0x00000000636c0000 - 0x00000000637eb000 	E:\Vivado\2020.2\lib\win64.o\tcl85t.dll
0x00007ffda4830000 - 0x00007ffda4b9e000 	E:\Vivado\2020.2\lib\win64.o\libCOIN-all.dll
0x00007ffdd0a80000 - 0x00007ffdd0a90000 	E:\Vivado\2020.2\lib\win64.o\libboost_date_time.dll
0x00007ffda70c0000 - 0x00007ffda7133000 	E:\Vivado\2020.2\lib\win64.o\libboost_program_options.dll
0x00007ffdb1330000 - 0x00007ffdb1339000 	E:\Vivado\2020.2\lib\win64.o\libboost_system.dll
0x00007ffda4710000 - 0x00007ffda4821000 	E:\Vivado\2020.2\lib\win64.o\libboost_regex.dll
0x00007ffda8b40000 - 0x00007ffda8b5e000 	E:\Vivado\2020.2\lib\win64.o\libboost_thread.dll
0x00007ffda8b30000 - 0x00007ffda8b3c000 	E:\Vivado\2020.2\lib\win64.o\libboost_xilinx.dll
0x00007ffda7030000 - 0x00007ffda70b2000 	E:\Vivado\2020.2\lib\win64.o\libhdlpsolve.dll
0x00007ffda6cf0000 - 0x00007ffda6d95000 	E:\Vivado\2020.2\lib\win64.o\libhdxml.dll
0x00007ffda3910000 - 0x00007ffda4702600 	E:\Vivado\2020.2\lib\win64.o\libisl_iostreams.dll
0x00007ffda85f0000 - 0x00007ffda8618000 	E:\Vivado\2020.2\lib\win64.o\libisl_sysinfo.dll
0x00007ffda38a0000 - 0x00007ffda3905000 	E:\Vivado\2020.2\lib\win64.o\liblmx6.0.dll
0x00007ffda84f0000 - 0x00007ffda850a000 	E:\Vivado\2020.2\lib\win64.o\pthreadVC2.dll
0x00007ffda7a00000 - 0x00007ffda7a1c000 	E:\Vivado\2020.2\lib\win64.o\librdiconfig.dll
0x00007ffe2bb80000 - 0x00007ffe2bbd5000 	C:\WINDOWS\System32\SHLWAPI.dll
0x00007ffda79d0000 - 0x00007ffda79f1000 	E:\Vivado\2020.2\lib\win64.o\librdizlib.dll
0x0000000012000000 - 0x0000000012270000 	E:\Vivado\2020.2\lib\win64.o\xerces-c_3_1.dll
0x00007ffe0ede0000 - 0x00007ffe0f2ba000 	C:\WINDOWS\SYSTEM32\WININET.dll
0x00007ffe146f0000 - 0x00007ffe14708000 	C:\WINDOWS\SYSTEM32\NETAPI32.dll
0x00007ffe1a310000 - 0x00007ffe1a410000 	C:\WINDOWS\SYSTEM32\WINHTTP.dll
0x00007ffe167b0000 - 0x00007ffe1699d000 	C:\WINDOWS\SYSTEM32\urlmon.dll
0x00007ffe12ea0000 - 0x00007ffe12ea9000 	C:\WINDOWS\SYSTEM32\WSOCK32.dll
0x00007ffda16a0000 - 0x00007ffda197b000 	E:\Vivado\2020.2\lib\win64.o\libXil_lmgr11.dll
0x00007ffe2b380000 - 0x00007ffe2b45b000 	C:\WINDOWS\System32\COMDLG32.dll
0x00007ffe2b5c0000 - 0x00007ffe2b916000 	C:\WINDOWS\System32\combase.dll
0x00007ffe29fc0000 - 0x00007ffe2a06e000 	C:\WINDOWS\System32\shcore.dll
0x00007ffe2b460000 - 0x00007ffe2b52d000 	C:\WINDOWS\System32\OLEAUT32.dll
0x00007ffe2b120000 - 0x00007ffe2b24a000 	C:\WINDOWS\System32\ole32.dll
0x00007ffe298c0000 - 0x00007ffe29920000 	C:\WINDOWS\System32\WINTRUST.dll
0x00007ffe29ca0000 - 0x00007ffe29df6000 	C:\WINDOWS\System32\CRYPT32.dll
0x00007ffda8b20000 - 0x00007ffda8b2c000 	E:\Vivado\2020.2\lib\win64.o\libboost_chrono.dll
0x00007ffda7850000 - 0x00007ffda7866000 	E:\Vivado\2020.2\lib\win64.o\libboost_iostreams.dll
0x00007ffda1980000 - 0x00007ffda3897000 	E:\Vivado\2020.2\lib\win64.o\gurobi90.dll
0x00007ffe2a950000 - 0x00007ffe2a9a6000 	C:\WINDOWS\System32\WLDAP32.dll
0x00007ffe2a820000 - 0x00007ffe2a828000 	C:\WINDOWS\System32\Normaliz.dll
0x00007ffe16460000 - 0x00007ffe16710000 	C:\WINDOWS\SYSTEM32\iertutil.dll
0x00007ffe230c0000 - 0x00007ffe23170000 	C:\WINDOWS\WinSxS\amd64_microsoft.windows.common-controls_6595b64144ccf1df_5.82.19041.488_none_4238de57f6b64d28\COMCTL32.dll
0x00007ffe1f450000 - 0x00007ffe1f46d000 	C:\WINDOWS\SYSTEM32\dhcpcsvc.DLL
0x00007ffda7820000 - 0x00007ffda784d000 	C:\WINDOWS\SYSTEM32\VCOMP140.DLL
0x00007ffda6cc0000 - 0x00007ffda6ce3000 	E:\Vivado\2020.2\lib\win64.o\libisl_iosutils.dll
0x00007ffe28c80000 - 0x00007ffe28c8c000 	C:\WINDOWS\SYSTEM32\NETUTILS.DLL
0x00007ffe28e80000 - 0x00007ffe28eea000 	C:\WINDOWS\SYSTEM32\MSWSOCK.DLL
0x00007ffe2b530000 - 0x00007ffe2b560000 	C:\WINDOWS\System32\IMM32.DLL
0x00007ffe29280000 - 0x00007ffe29292000 	C:\WINDOWS\SYSTEM32\MSASN1.dll
0x00007ffe27fd0000 - 0x00007ffe27fe2000 	C:\WINDOWS\SYSTEM32\kernel.appcore.dll
0x00007ffda1170000 - 0x00007ffda1692000 	E:\Vivado\2020.2\lib\win64.o\librdi_commontasks.dll
0x00007ffe1f780000 - 0x00007ffe1f78a000 	C:\WINDOWS\SYSTEM32\VERSION.dll
0x00007ffda0e90000 - 0x00007ffda1165000 	E:\Vivado\2020.2\lib\win64.o\librdi_sio.dll
0x00007ffe28b20000 - 0x00007ffe28b5b000 	C:\WINDOWS\SYSTEM32\IPHLPAPI.DLL
0x00007ffda0360000 - 0x00007ffda0e83000 	E:\Vivado\2020.2\tps\win64\jre11.0.2\bin\server\jvm.dll
0x00007ffe2a830000 - 0x00007ffe2a838000 	C:\WINDOWS\System32\PSAPI.DLL
0x00007ffe19f90000 - 0x00007ffe19fb7000 	C:\WINDOWS\SYSTEM32\WINMM.dll
0x00007ffe276e0000 - 0x00007ffe27e6f000 	C:\WINDOWS\SYSTEM32\windows.storage.dll
0x00007ffe29100000 - 0x00007ffe2912c000 	C:\WINDOWS\SYSTEM32\Wldp.dll
0x00007ffd9d8a0000 - 0x00007ffda035e000 	E:\Vivado\2020.2\lib\win64.o\librdi_tcltasks.dll
0x00007ffd9d3f0000 - 0x00007ffd9d896000 	E:\Vivado\2020.2\lib\win64.o\librdi_bitstream.dll
0x00007ffd9d230000 - 0x00007ffd9d3e3000 	E:\Vivado\2020.2\lib\win64.o\librdi_board.dll
0x00007ffd9d1b0000 - 0x00007ffd9d22e000 	E:\Vivado\2020.2\lib\win64.o\librdi_boarddep.dll
0x00007ffd9d0b0000 - 0x00007ffd9d1a6000 	E:\Vivado\2020.2\lib\win64.o\librdi_chipscope.dll
0x00007ffd9cec0000 - 0x00007ffd9d0aa000 	E:\Vivado\2020.2\lib\win64.o\librdi_chipscopeimpl.dll
0x00007ffd9af20000 - 0x00007ffd9b081000 	E:\Vivado\2020.2\lib\win64.o\librdi_containers.dll
0x00007ffd9b090000 - 0x00007ffd9cebc000 	E:\Vivado\2020.2\lib\win64.o\librdi_constraints.dll
0x00007ffd98440000 - 0x00007ffd98b58000 	E:\Vivado\2020.2\lib\win64.o\librdi_coregenipxact.dll
0x00007ffd98b60000 - 0x00007ffd9af1d000 	E:\Vivado\2020.2\lib\win64.o\librdi_coregen.dll
0x00007ffd96360000 - 0x00007ffd966c8000 	E:\Vivado\2020.2\lib\win64.o\librdi_dlyest.dll
0x00007ffd966d0000 - 0x00007ffd98431000 	E:\Vivado\2020.2\lib\win64.o\librdi_designutils.dll
0x00007ffd95d00000 - 0x00007ffd9635d000 	E:\Vivado\2020.2\lib\win64.o\librdi_drc.dll
0x00007ffd7d660000 - 0x00007ffd7d713000 	E:\Vivado\2020.2\lib\win64.o\librdi_dsp.dll
0x00007ffd7cf90000 - 0x00007ffd7d652000 	E:\Vivado\2020.2\lib\win64.o\librdi_filemgmt.dll
0x00007ffd7cc70000 - 0x00007ffd7cf8d000 	E:\Vivado\2020.2\lib\win64.o\librdi_guitools.dll
0x00007ffd7d720000 - 0x00007ffd95cff000 	E:\Vivado\2020.2\lib\win64.o\librdi_device.dll
0x00007ffd7cc00000 - 0x00007ffd7cc6b000 	E:\Vivado\2020.2\lib\win64.o\librdi_hdf.dll
0x00007ffd7c980000 - 0x00007ffd7cbf7000 	E:\Vivado\2020.2\lib\win64.o\librdi_hip_devdesign.dll
0x00007ffd7c830000 - 0x00007ffd7c977000 	E:\Vivado\2020.2\lib\win64.o\librdi_hip_perf_analysis.dll
0x00007ffd7a580000 - 0x00007ffd7a5f2000 	E:\Vivado\2020.2\lib\win64.o\librdi_memoryarray.dll
0x00007ffd7a600000 - 0x00007ffd7c1d4000 	E:\Vivado\2020.2\lib\win64.o\librdi_implflow.dll
0x00007ffd77a00000 - 0x00007ffd7812c000 	E:\Vivado\2020.2\lib\win64.o\librdi_netlist.dll
0x00007ffd7c1e0000 - 0x00007ffd7c82c000 	E:\Vivado\2020.2\lib\win64.o\librdi_memdata.dll
0x00007ffd779a0000 - 0x00007ffd779f4000 	E:\Vivado\2020.2\lib\win64.o\librdi_pfi.dll
0x00007ffd78130000 - 0x00007ffd7a574000 	E:\Vivado\2020.2\lib\win64.o\librdi_mig.dll
0x00007ffd77600000 - 0x00007ffd7799e000 	E:\Vivado\2020.2\lib\win64.o\librdi_platform.dll
0x00007ffd73550000 - 0x00007ffd73bc4000 	E:\Vivado\2020.2\lib\win64.o\librdi_project.dll
0x00007ffd743f0000 - 0x00007ffd775f7000 	E:\Vivado\2020.2\lib\win64.o\librdi_place.dll
0x00007ffd73bd0000 - 0x00007ffd743e7000 	E:\Vivado\2020.2\lib\win64.o\librdi_power.dll
0x00007ffd72e20000 - 0x00007ffd73542000 	E:\Vivado\2020.2\lib\win64.o\librdi_psta.dll
0x00007ffd72610000 - 0x00007ffd72e1c000 	E:\Vivado\2020.2\lib\win64.o\librdi_rsb.dll
0x00007ffd720e0000 - 0x00007ffd7260b000 	E:\Vivado\2020.2\lib\win64.o\librdi_runs.dll
0x00007ffd71fd0000 - 0x00007ffd720d9000 	E:\Vivado\2020.2\lib\win64.o\librdi_runsbase.dll
0x00007ffd71d50000 - 0x00007ffd71fc4000 	E:\Vivado\2020.2\lib\win64.o\librdi_simdata.dll
0x00007ffd70d10000 - 0x00007ffd70db7000 	E:\Vivado\2020.2\lib\win64.o\librdi_xhubtasks.dll
0x00007ffd70bf0000 - 0x00007ffd70d06000 	E:\Vivado\2020.2\lib\win64.o\librdi_xhub.dll
0x00007ffd70dc0000 - 0x00007ffd71d41000 	E:\Vivado\2020.2\lib\win64.o\librdi_timing.dll
0x00007ffd70a00000 - 0x00007ffd70beb000 	E:\Vivado\2020.2\lib\win64.o\librdi_advchipscopeimpl.dll
0x00007ffd709b0000 - 0x00007ffd709f7000 	E:\Vivado\2020.2\lib\win64.o\libboost_serialization.dll
0x00007ffd708c0000 - 0x00007ffd709ab000 	E:\Vivado\2020.2\lib\win64.o\librdi_ipconfig_readwrite.dll
0x00007ffd70850000 - 0x00007ffd708ba000 	E:\Vivado\2020.2\lib\win64.o\librdi_noc_frameworks.dll
0x00007ffd70800000 - 0x00007ffd70846000 	E:\Vivado\2020.2\lib\win64.o\libboost_graph.dll
0x00007ffd70730000 - 0x00007ffd707f6000 	E:\Vivado\2020.2\lib\win64.o\librdi_bda.dll
0x00007ffd6ffc0000 - 0x00007ffd70727000 	E:\Vivado\2020.2\lib\win64.o\librdi_ippcw.dll
0x00007ffd6f3c0000 - 0x00007ffd6f45e000 	E:\Vivado\2020.2\lib\win64.o\libise.dll
0x00007ffd6f0c0000 - 0x00007ffd6f3bb000 	E:\Vivado\2020.2\lib\win64.o\librdi_hip_config.dll

dbghelp: loaded successfully - version: 4.0.5 - missing functions: none
symbol engine: initialized successfully - sym options: 0x614 - pdb path: .;E:\Vivado\2020.2\bin\unwrapped\win64.o;C:\WINDOWS\SYSTEM32;E:\Vivado\2020.2\lib\win64.o;C:\WINDOWS\WinSxS\amd64_microsoft.windows.common-controls_6595b64144ccf1df_5.82.19041.488_none_4238de57f6b64d28;E:\Vivado\2020.2\tps\win64\jre11.0.2\bin\server;E:\Vivado\2020.2\tps\win64\python-3.8.3;E:\Vivado\2020.2\tps\win64\jre11.0.2\bin;C:\WINDOWS\WinSxS\amd64_microsoft.windows.common-controls_6595b64144ccf1df_6.0.19041.746_none_ca02b4b61b8320a4;C:\WINDOWS\WinSxS\amd64_microsoft.windows.gdiplus_6595b64144ccf1df_1.1.19041.746_none_faeda79b76159a72

VM Arguments:
jvm_args: -Dsun.java2d.pmoffscreen=false -Dhttps.protocols=TLSv1,TLSv1.1,TLSv1.2 -Dsun.java2d.xrender=false -Dsun.java2d.d3d=false -Dsun.awt.nopixfmt=true -Dsun.java2d.dpiaware=true -Dsun.java2d.uiScale.enabled=false -Xverify:none -Dswing.aatext=true -XX:-UsePerfData -Djdk.map.althashing.threshold=512 -XX:StringTableSize=4072 --add-opens=java.base/java.nio=ALL-UNNAMED --add-opens=java.desktop/sun.swing=ALL-UNNAMED --add-opens=java.desktop/javax.swing=ALL-UNNAMED --add-opens=java.desktop/javax.swing.tree=ALL-UNNAMED --add-opens=java.desktop/javax.swing.plaf.basic=ALL-UNNAMED --add-opens=java.desktop/javax.swing.plaf.synth=ALL-UNNAMED --add-opens=java.desktop/com.sun.awt=ALL-UNNAMED -XX:NewSize=60m -XX:MaxNewSize=60m -Xms128m -Xmx3072m -Xss5m 
java_command: <unknown>
java_class_path (initial): E:/Vivado/2020.2\lib\classes\alloy.jar;E:/Vivado/2020.2\lib\classes\ArchiveSummary.jar;E:/Vivado/2020.2\lib\classes\autoesl-models.jar;E:/Vivado/2020.2\lib\classes\autopilot.scelaborator.jar;E:/Vivado/2020.2\lib\classes\autopilot.sourceprocessor.jar;E:/Vivado/2020.2\lib\classes\autopilot.tbprocessor.jar;E:/Vivado/2020.2\lib\classes\batik-anim.jar;E:/Vivado/2020.2\lib\classes\batik-awt-util.jar;E:/Vivado/2020.2\lib\classes\batik-bridge.jar;E:/Vivado/2020.2\lib\classes\batik-codec.jar;E:/Vivado/2020.2\lib\classes\batik-css.jar;E:/Vivado/2020.2\lib\classes\batik-dom.jar;E:/Vivado/2020.2\lib\classes\batik-ext.jar;E:/Vivado/2020.2\lib\classes\batik-gui-util.jar;E:/Vivado/2020.2\lib\classes\batik-gvt.jar;E:/Vivado/2020.2\lib\classes\batik-parser.jar;E:/Vivado/2020.2\lib\classes\batik-script.jar;E:/Vivado/2020.2\lib\classes\batik-svg-dom.jar;E:/Vivado/2020.2\lib\classes\batik-swing.jar;E:/Vivado/2020.2\lib\classes\batik-transcoder.jar;E:/Vivado/2020.2\lib\classes\batik-util.jar;E:/Vivado/2020.2\lib\classes\batik-xml.jar;E:/Vivado/2020.2\lib\classes\com.google.gson_2.8.2.v20180104-1110.jar;E:/Vivado/2020.2\lib\classes\com.google.guava_27.1.0.v20190517-1946.jar;E:/Vivado/2020.2\lib\classes\com.ibm.icu_4.4.2.v20110208.jar;E:/Vivado/2020.2\lib\classes\com.sigasi.hdt.connection_4.9.0.202009050929.jar;E:/Vivado/2020.2\lib\classes\com.sigasi.hdt.epl_4.9.0.202009050929.jar;E:/Vivado/2020.2\lib\classes\com.sigasi.hdt.project_4.9.0.202009050929.jar;E:/Vivado/2020.2\lib\classes\com.sigasi.hdt.readonlyfilesystem_4.9.0.202009050929.jar;E:/Vivado/2020.2\lib\classes\com.sigasi.lcm_4.9.0.202009050929.jar;E:/Vivado/2020.2\lib\classes\com.sigasi.sdk.client_4.9.0.202009050929.jar;E:/Vivado/2020.2\lib\classes\com.xilinx.hls.services.jar;E:/Vivado/2020.2\lib\classes\commons-collections4-4.1.jar;E:/Vivado/2020.2\lib\classes\commons-io-2.6.jar;E:/Vivado/2020.2\lib\classes\commons-math-2.2.jar;E:/Vivado/2020.2\lib\classes\Dispatch.jar;E:/Vivado/2020.2\lib\classes\Disp
Launcher Type: generic

[Global flags]
     bool BytecodeVerificationLocal                = false                                     {product} {command line}
     bool BytecodeVerificationRemote               = false                                     {product} {command line}
     intx CICompilerCount                          = 3                                         {product} {ergonomic}
     uint ConcGCThreads                            = 1                                         {product} {ergonomic}
     uint G1ConcRefinementThreads                  = 4                                         {product} {ergonomic}
   size_t G1HeapRegionSize                         = 1048576                                   {product} {ergonomic}
    uintx GCDrainStackTargetSize                   = 64                                        {product} {ergonomic}
   size_t InitialHeapSize                          = 134217728                                 {product} {command line}
   size_t MarkStackSize                            = 4194304                                   {product} {ergonomic}
   size_t MaxHeapSize                              = 3221225472                                {product} {command line}
   size_t MaxNewSize                               = 62914560                                  {product} {command line}
   size_t MinHeapDeltaBytes                        = 1048576                                   {product} {ergonomic}
   size_t NewSize                                  = 62914560                                  {product} {command line}
    uintx NonNMethodCodeHeapSize                   = 5830092                                {pd product} {ergonomic}
    uintx NonProfiledCodeHeapSize                  = 122914074                              {pd product} {ergonomic}
    uintx ProfiledCodeHeapSize                     = 122914074                              {pd product} {ergonomic}
    uintx ReservedCodeCacheSize                    = 251658240                              {pd product} {ergonomic}
     bool SegmentedCodeCache                       = true                                      {product} {ergonomic}
    uintx StringTableSize                          = 4072                                      {product} {command line}
     intx ThreadStackSize                          = 5120                                   {pd product} {command line}
     bool UseCompressedClassPointers               = true                                 {lp64_product} {ergonomic}
     bool UseCompressedOops                        = true                                 {lp64_product} {ergonomic}
     bool UseG1GC                                  = true                                      {product} {ergonomic}
     bool UseLargePagesIndividualAllocation        = false                                  {pd product} {ergonomic}
     bool UsePerfData                              = false                                     {product} {command line}

Logging:
Log output configuration:
 #0: stdout all=warning uptime,level,tags
 #1: stderr all=off uptime,level,tags

Environment Variables:
JAVA_HOME=C:\Program Files\AdoptOpenJDK\jdk-8.0.282.8-hotspot\
PATH=E:/Vivado/2020.2/bin;E:/Vivado/2020.2/tps/win64/javafx-sdk-11.0.2/lib;E:/Vivado/2020.2/tps/win64/javafx-sdk-11.0.2/bin;E:/Vivado/2020.2/lib/win64.o;E:/Vivado/2020.2/tps/win64/jre11.0.2/bin/server;E:/Vivado/2020.2/tps/win64/jre11.0.2/bin;E:/Vivado/2020.2/ids_lite/ISE/bin/nt64;E:/Vivado/2020.2/ids_lite/ISE/lib/nt64;E:/Vitis_HLS/2020.2/bin;C:\Program Files\AdoptOpenJDK\jdk-11.0.10.9-hotspot\bin;C:\Program Files\AdoptOpenJDK\jdk-8.0.282.8-hotspot\bin;C:\Program Files (x86)\AdoptOpenJDK\jdk-8.0.282.8-hotspot\bin;C:\Program Files\AdoptOpenJDK\jre-8.0.282.8-hotspot\bin;C:\WINDOWS\system32;C:\WINDOWS;C:\WINDOWS\System32\Wbem;C:\WINDOWS\System32\WindowsPowerShell\v1.0\;C:\WINDOWS\System32\OpenSSH\;C:\ProgramData\chocolatey\bin;C:\Program Files\dotnet\;C:\Users\Madeleine\AppData\Local\Microsoft\WindowsApps;C:\Users\Madeleine\AppData\Roaming\cabal\bin;C:\ProgramData\chocolatey\lib\ghc\tools\ghc-8.10.3\bin;C:\tools\msys64;C:\Users\Madeleine\.dotnet\tools;E:/Vivado/2020.2\tps\mingw\6.2.0\win64.o\nt\bin;E:/Vivado/2020.2\tps\mingw\6.2.0\win64.o\nt\libexec\gcc\x86_64-w64-mingw32\6.2.0;E:/Vivado/2020.2\tps\win64\python-3.8.3;E:/Vivado/2020.2\tps\win64\python-3.8.3\bin;E:/Vivado/2020.2\tps\win64\python-3.8.3\lib;E:/Vivado/2020.2\tps\win64\python-3.8.3\lib\site-packages
USERNAME=Madeleine
OS=Windows_NT
PROCESSOR_IDENTIFIER=Intel64 Family 6 Model 142 Stepping 9, GenuineIntel



---------------  S Y S T E M  ---------------

OS: Windows 10 , 64 bit Build 19041 (10.0.19041.662)

CPU:total 4 (initial active 4) (2 cores per cpu, 2 threads per core) family 6 model 142 stepping 9, cmov, cx8, fxsr, mmx, sse, sse2, sse3, ssse3, sse4.1, sse4.2, popcnt, avx, avx2, aes, clmul, erms, 3dnowpref, lzcnt, ht, tsc, tscinvbit, bmi1, bmi2, adx, fma

Memory: 4k page, system-wide physical 7988M (3315M free)
TotalPageFile size 11060M (AvailPageFile size 2460M)
current process WorkingSet (physical memory assigned to process): 625M, peak: 1028M
current process commit charge ("private bytes"): 823M, peak: 1017M

vm_info: OpenJDK 64-Bit Server VM (11.0.2+9) for windows-amd64 JRE (11.0.2+9), built on Jan 18 2019 05:23:22 by "mach5one" with MS VC++ 15.5 (VS2017)

END.
